

Started GET "/" for 127.0.0.1 at 2014-08-29 23:22:58 -0700
Processing by Rails::WelcomeController#index as HTML
  Rendered /Users/apple/.rvm/gems/ruby-2.0.0-p481@railstutorial_rails_4_0/gems/railties-4.0.8/lib/rails/templates/rails/welcome/index.html.erb (1.8ms)
Completed 200 OK in 10ms (Views: 9.0ms | ActiveRecord: 0.0ms)
  [1m[36m (0.8ms)[0m  [1mCREATE TABLE "schema_migrations" ("version" varchar(255) NOT NULL) [0m
  [1m[35m (0.6ms)[0m  CREATE UNIQUE INDEX "unique_schema_migrations" ON "schema_migrations" ("version")
  [1m[36mActiveRecord::SchemaMigration Load (0.1ms)[0m  [1mSELECT "schema_migrations".* FROM "schema_migrations"[0m
Migrating to CreateUsers (20140830064035)
  [1m[35m (0.1ms)[0m  begin transaction
  [1m[36m (0.4ms)[0m  [1mCREATE TABLE "users" ("id" INTEGER PRIMARY KEY AUTOINCREMENT NOT NULL, "name" varchar(255), "email" varchar(255), "created_at" datetime, "updated_at" datetime) [0m
  [1m[35mSQL (0.2ms)[0m  INSERT INTO "schema_migrations" ("version") VALUES (?)  [["version", "20140830064035"]]
  [1m[36m (0.7ms)[0m  [1mcommit transaction[0m
  [1m[35mActiveRecord::SchemaMigration Load (0.1ms)[0m  SELECT "schema_migrations".* FROM "schema_migrations"


Started GET "/" for 127.0.0.1 at 2014-08-29 23:41:00 -0700
  [1m[36mActiveRecord::SchemaMigration Load (0.1ms)[0m  [1mSELECT "schema_migrations".* FROM "schema_migrations"[0m
Processing by Rails::WelcomeController#index as HTML
  Rendered /Users/apple/.rvm/gems/ruby-2.0.0-p481@railstutorial_rails_4_0/gems/railties-4.0.8/lib/rails/templates/rails/welcome/index.html.erb (1.4ms)
Completed 200 OK in 28ms (Views: 27.8ms | ActiveRecord: 0.0ms)


Started GET "/users" for 127.0.0.1 at 2014-08-29 23:41:07 -0700
Processing by UsersController#index as HTML
  [1m[35mUser Load (0.2ms)[0m  SELECT "users".* FROM "users"
  Rendered users/index.html.erb within layouts/application (1.8ms)
Completed 200 OK in 606ms (Views: 603.8ms | ActiveRecord: 0.2ms)


Started GET "/assets/application.css?body=1" for 127.0.0.1 at 2014-08-29 23:41:08 -0700


Started GET "/assets/scaffolds.css?body=1" for 127.0.0.1 at 2014-08-29 23:41:08 -0700


Started GET "/assets/users.css?body=1" for 127.0.0.1 at 2014-08-29 23:41:08 -0700


Started GET "/assets/jquery_ujs.js?body=1" for 127.0.0.1 at 2014-08-29 23:41:08 -0700


Started GET "/assets/jquery.js?body=1" for 127.0.0.1 at 2014-08-29 23:41:08 -0700


Started GET "/assets/turbolinks.js?body=1" for 127.0.0.1 at 2014-08-29 23:41:08 -0700


Started GET "/assets/users.js?body=1" for 127.0.0.1 at 2014-08-29 23:41:08 -0700


Started GET "/assets/application.js?body=1" for 127.0.0.1 at 2014-08-29 23:41:08 -0700


Started GET "/" for 127.0.0.1 at 2014-08-29 23:53:11 -0700
  [1m[36mActiveRecord::SchemaMigration Load (0.2ms)[0m  [1mSELECT "schema_migrations".* FROM "schema_migrations"[0m
Processing by Rails::WelcomeController#index as HTML
  Rendered /Users/apple/.rvm/gems/ruby-2.0.0-p481@railstutorial_rails_4_0/gems/railties-4.0.8/lib/rails/templates/rails/welcome/index.html.erb (1.4ms)
Completed 200 OK in 7ms (Views: 6.7ms | ActiveRecord: 0.0ms)


Started GET "/users" for 127.0.0.1 at 2014-08-29 23:53:16 -0700
Processing by UsersController#index as HTML
  [1m[35mUser Load (0.2ms)[0m  SELECT "users".* FROM "users"
  Rendered users/index.html.erb within layouts/application (1.6ms)
Completed 200 OK in 67ms (Views: 64.4ms | ActiveRecord: 0.2ms)


Started GET "/assets/scaffolds.css?body=1" for 127.0.0.1 at 2014-08-29 23:53:17 -0700


Started GET "/assets/application.css?body=1" for 127.0.0.1 at 2014-08-29 23:53:17 -0700


Started GET "/assets/jquery.js?body=1" for 127.0.0.1 at 2014-08-29 23:53:17 -0700


Started GET "/assets/users.css?body=1" for 127.0.0.1 at 2014-08-29 23:53:17 -0700


Started GET "/assets/turbolinks.js?body=1" for 127.0.0.1 at 2014-08-29 23:53:17 -0700


Started GET "/assets/jquery_ujs.js?body=1" for 127.0.0.1 at 2014-08-29 23:53:17 -0700


Started GET "/assets/users.js?body=1" for 127.0.0.1 at 2014-08-29 23:53:17 -0700


Started GET "/assets/application.js?body=1" for 127.0.0.1 at 2014-08-29 23:53:17 -0700
  [1m[36m (0.1ms)[0m  [1mSELECT COUNT(*) FROM "users"[0m
  [1m[36mActiveRecord::SchemaMigration Load (0.2ms)[0m  [1mSELECT "schema_migrations".* FROM "schema_migrations"[0m
Migrating to CreateMicroposts (20140830065508)
  [1m[35m (0.1ms)[0m  begin transaction
  [1m[36m (0.4ms)[0m  [1mCREATE TABLE "microposts" ("id" INTEGER PRIMARY KEY AUTOINCREMENT NOT NULL, "content" varchar(255), "user_id" integer, "created_at" datetime, "updated_at" datetime) [0m
  [1m[35mSQL (0.2ms)[0m  INSERT INTO "schema_migrations" ("version") VALUES (?)  [["version", "20140830065508"]]
  [1m[36m (2.9ms)[0m  [1mcommit transaction[0m
  [1m[35mActiveRecord::SchemaMigration Load (0.1ms)[0m  SELECT "schema_migrations".* FROM "schema_migrations"


Started GET "/static_pages/home" for 127.0.0.1 at 2014-08-30 00:06:40 -0700
  [1m[36mActiveRecord::SchemaMigration Load (0.1ms)[0m  [1mSELECT "schema_migrations".* FROM "schema_migrations"[0m

AbstractController::ActionNotFound (The action 'home' could not be found for StaticPagesController):
  actionpack (4.0.8) lib/abstract_controller/base.rb:131:in `process'
  actionpack (4.0.8) lib/abstract_controller/rendering.rb:44:in `process'
  actionpack (4.0.8) lib/action_controller/metal.rb:195:in `dispatch'
  actionpack (4.0.8) lib/action_controller/metal/rack_delegation.rb:13:in `dispatch'
  actionpack (4.0.8) lib/action_controller/metal.rb:231:in `block in action'
  actionpack (4.0.8) lib/action_dispatch/routing/route_set.rb:82:in `call'
  actionpack (4.0.8) lib/action_dispatch/routing/route_set.rb:82:in `dispatch'
  actionpack (4.0.8) lib/action_dispatch/routing/route_set.rb:50:in `call'
  actionpack (4.0.8) lib/action_dispatch/journey/router.rb:71:in `block in call'
  actionpack (4.0.8) lib/action_dispatch/journey/router.rb:59:in `each'
  actionpack (4.0.8) lib/action_dispatch/journey/router.rb:59:in `call'
  actionpack (4.0.8) lib/action_dispatch/routing/route_set.rb:676:in `call'
  rack (1.5.2) lib/rack/etag.rb:23:in `call'
  rack (1.5.2) lib/rack/conditionalget.rb:25:in `call'
  rack (1.5.2) lib/rack/head.rb:11:in `call'
  actionpack (4.0.8) lib/action_dispatch/middleware/params_parser.rb:27:in `call'
  actionpack (4.0.8) lib/action_dispatch/middleware/flash.rb:241:in `call'
  rack (1.5.2) lib/rack/session/abstract/id.rb:225:in `context'
  rack (1.5.2) lib/rack/session/abstract/id.rb:220:in `call'
  actionpack (4.0.8) lib/action_dispatch/middleware/cookies.rb:486:in `call'
  activerecord (4.0.8) lib/active_record/query_cache.rb:36:in `call'
  activerecord (4.0.8) lib/active_record/connection_adapters/abstract/connection_pool.rb:626:in `call'
  activerecord (4.0.8) lib/active_record/migration.rb:373:in `call'
  actionpack (4.0.8) lib/action_dispatch/middleware/callbacks.rb:29:in `block in call'
  activesupport (4.0.8) lib/active_support/callbacks.rb:373:in `_run__666320872038402999__call__callbacks'
  activesupport (4.0.8) lib/active_support/callbacks.rb:80:in `run_callbacks'
  actionpack (4.0.8) lib/action_dispatch/middleware/callbacks.rb:27:in `call'
  actionpack (4.0.8) lib/action_dispatch/middleware/reloader.rb:64:in `call'
  actionpack (4.0.8) lib/action_dispatch/middleware/remote_ip.rb:76:in `call'
  actionpack (4.0.8) lib/action_dispatch/middleware/debug_exceptions.rb:17:in `call'
  actionpack (4.0.8) lib/action_dispatch/middleware/show_exceptions.rb:30:in `call'
  railties (4.0.8) lib/rails/rack/logger.rb:38:in `call_app'
  railties (4.0.8) lib/rails/rack/logger.rb:20:in `block in call'
  activesupport (4.0.8) lib/active_support/tagged_logging.rb:68:in `block in tagged'
  activesupport (4.0.8) lib/active_support/tagged_logging.rb:26:in `tagged'
  activesupport (4.0.8) lib/active_support/tagged_logging.rb:68:in `tagged'
  railties (4.0.8) lib/rails/rack/logger.rb:20:in `call'
  actionpack (4.0.8) lib/action_dispatch/middleware/request_id.rb:21:in `call'
  rack (1.5.2) lib/rack/methodoverride.rb:21:in `call'
  rack (1.5.2) lib/rack/runtime.rb:17:in `call'
  activesupport (4.0.8) lib/active_support/cache/strategy/local_cache.rb:83:in `call'
  rack (1.5.2) lib/rack/lock.rb:17:in `call'
  actionpack (4.0.8) lib/action_dispatch/middleware/static.rb:64:in `call'
  rack (1.5.2) lib/rack/sendfile.rb:112:in `call'
  railties (4.0.8) lib/rails/engine.rb:511:in `call'
  railties (4.0.8) lib/rails/application.rb:97:in `call'
  rack (1.5.2) lib/rack/lock.rb:17:in `call'
  rack (1.5.2) lib/rack/content_length.rb:14:in `call'
  rack (1.5.2) lib/rack/handler/webrick.rb:60:in `service'
  /Users/apple/.rvm/rubies/ruby-2.0.0-p481/lib/ruby/2.0.0/webrick/httpserver.rb:138:in `service'
  /Users/apple/.rvm/rubies/ruby-2.0.0-p481/lib/ruby/2.0.0/webrick/httpserver.rb:94:in `run'
  /Users/apple/.rvm/rubies/ruby-2.0.0-p481/lib/ruby/2.0.0/webrick/server.rb:295:in `block in start_thread'


  Rendered /Users/apple/.rvm/gems/ruby-2.0.0-p481@railstutorial_rails_4_0/gems/actionpack-4.0.8/lib/action_dispatch/middleware/templates/rescues/unknown_action.erb within rescues/layout (1.3ms)


Started GET "/static_pages/home" for 127.0.0.1 at 2014-08-30 00:08:08 -0700
  [1m[36mActiveRecord::SchemaMigration Load (0.2ms)[0m  [1mSELECT "schema_migrations".* FROM "schema_migrations"[0m
Processing by StaticPagesController#home as HTML
Completed 500 Internal Server Error in 7ms

ActionView::MissingTemplate (Missing template static_pages/home, application/home with {:locale=>[:en], :formats=>[:html], :handlers=>[:erb, :builder, :raw, :ruby, :jbuilder, :coffee]}. Searched in:
  * "/Users/apple/dev/github/rails_projects/first_app/app/views"
):
  actionpack (4.0.8) lib/action_view/path_set.rb:46:in `find'
  actionpack (4.0.8) lib/action_view/lookup_context.rb:122:in `find'
  actionpack (4.0.8) lib/action_view/renderer/abstract_renderer.rb:18:in `find_template'
  actionpack (4.0.8) lib/action_view/renderer/template_renderer.rb:35:in `determine_template'
  actionpack (4.0.8) lib/action_view/renderer/template_renderer.rb:8:in `render'
  actionpack (4.0.8) lib/action_view/renderer/renderer.rb:42:in `render_template'
  actionpack (4.0.8) lib/action_view/renderer/renderer.rb:23:in `render'
  actionpack (4.0.8) lib/abstract_controller/rendering.rb:127:in `_render_template'
  actionpack (4.0.8) lib/action_controller/metal/streaming.rb:219:in `_render_template'
  actionpack (4.0.8) lib/abstract_controller/rendering.rb:120:in `render_to_body'
  actionpack (4.0.8) lib/action_controller/metal/rendering.rb:33:in `render_to_body'
  actionpack (4.0.8) lib/action_controller/metal/renderers.rb:26:in `render_to_body'
  actionpack (4.0.8) lib/abstract_controller/rendering.rb:97:in `render'
  actionpack (4.0.8) lib/action_controller/metal/rendering.rb:16:in `render'
  actionpack (4.0.8) lib/action_controller/metal/instrumentation.rb:41:in `block (2 levels) in render'
  activesupport (4.0.8) lib/active_support/core_ext/benchmark.rb:12:in `block in ms'
  /Users/apple/.rvm/rubies/ruby-2.0.0-p481/lib/ruby/2.0.0/benchmark.rb:296:in `realtime'
  activesupport (4.0.8) lib/active_support/core_ext/benchmark.rb:12:in `ms'
  actionpack (4.0.8) lib/action_controller/metal/instrumentation.rb:41:in `block in render'
  actionpack (4.0.8) lib/action_controller/metal/instrumentation.rb:84:in `cleanup_view_runtime'
  activerecord (4.0.8) lib/active_record/railties/controller_runtime.rb:25:in `cleanup_view_runtime'
  actionpack (4.0.8) lib/action_controller/metal/instrumentation.rb:40:in `render'
  actionpack (4.0.8) lib/action_controller/metal/implicit_render.rb:10:in `default_render'
  actionpack (4.0.8) lib/action_controller/metal/implicit_render.rb:5:in `send_action'
  actionpack (4.0.8) lib/abstract_controller/base.rb:189:in `process_action'
  actionpack (4.0.8) lib/action_controller/metal/rendering.rb:10:in `process_action'
  actionpack (4.0.8) lib/abstract_controller/callbacks.rb:18:in `block in process_action'
  activesupport (4.0.8) lib/active_support/callbacks.rb:403:in `_run__2342606351930801626__process_action__callbacks'
  activesupport (4.0.8) lib/active_support/callbacks.rb:80:in `run_callbacks'
  actionpack (4.0.8) lib/abstract_controller/callbacks.rb:17:in `process_action'
  actionpack (4.0.8) lib/action_controller/metal/rescue.rb:29:in `process_action'
  actionpack (4.0.8) lib/action_controller/metal/instrumentation.rb:31:in `block in process_action'
  activesupport (4.0.8) lib/active_support/notifications.rb:159:in `block in instrument'
  activesupport (4.0.8) lib/active_support/notifications/instrumenter.rb:20:in `instrument'
  activesupport (4.0.8) lib/active_support/notifications.rb:159:in `instrument'
  actionpack (4.0.8) lib/action_controller/metal/instrumentation.rb:30:in `process_action'
  actionpack (4.0.8) lib/action_controller/metal/params_wrapper.rb:250:in `process_action'
  activerecord (4.0.8) lib/active_record/railties/controller_runtime.rb:18:in `process_action'
  actionpack (4.0.8) lib/abstract_controller/base.rb:136:in `process'
  actionpack (4.0.8) lib/abstract_controller/rendering.rb:44:in `process'
  actionpack (4.0.8) lib/action_controller/metal.rb:195:in `dispatch'
  actionpack (4.0.8) lib/action_controller/metal/rack_delegation.rb:13:in `dispatch'
  actionpack (4.0.8) lib/action_controller/metal.rb:231:in `block in action'
  actionpack (4.0.8) lib/action_dispatch/routing/route_set.rb:82:in `call'
  actionpack (4.0.8) lib/action_dispatch/routing/route_set.rb:82:in `dispatch'
  actionpack (4.0.8) lib/action_dispatch/routing/route_set.rb:50:in `call'
  actionpack (4.0.8) lib/action_dispatch/journey/router.rb:71:in `block in call'
  actionpack (4.0.8) lib/action_dispatch/journey/router.rb:59:in `each'
  actionpack (4.0.8) lib/action_dispatch/journey/router.rb:59:in `call'
  actionpack (4.0.8) lib/action_dispatch/routing/route_set.rb:676:in `call'
  rack (1.5.2) lib/rack/etag.rb:23:in `call'
  rack (1.5.2) lib/rack/conditionalget.rb:25:in `call'
  rack (1.5.2) lib/rack/head.rb:11:in `call'
  actionpack (4.0.8) lib/action_dispatch/middleware/params_parser.rb:27:in `call'
  actionpack (4.0.8) lib/action_dispatch/middleware/flash.rb:241:in `call'
  rack (1.5.2) lib/rack/session/abstract/id.rb:225:in `context'
  rack (1.5.2) lib/rack/session/abstract/id.rb:220:in `call'
  actionpack (4.0.8) lib/action_dispatch/middleware/cookies.rb:486:in `call'
  activerecord (4.0.8) lib/active_record/query_cache.rb:36:in `call'
  activerecord (4.0.8) lib/active_record/connection_adapters/abstract/connection_pool.rb:626:in `call'
  activerecord (4.0.8) lib/active_record/migration.rb:373:in `call'
  actionpack (4.0.8) lib/action_dispatch/middleware/callbacks.rb:29:in `block in call'
  activesupport (4.0.8) lib/active_support/callbacks.rb:373:in `_run__1631924745555316875__call__callbacks'
  activesupport (4.0.8) lib/active_support/callbacks.rb:80:in `run_callbacks'
  actionpack (4.0.8) lib/action_dispatch/middleware/callbacks.rb:27:in `call'
  actionpack (4.0.8) lib/action_dispatch/middleware/reloader.rb:64:in `call'
  actionpack (4.0.8) lib/action_dispatch/middleware/remote_ip.rb:76:in `call'
  actionpack (4.0.8) lib/action_dispatch/middleware/debug_exceptions.rb:17:in `call'
  actionpack (4.0.8) lib/action_dispatch/middleware/show_exceptions.rb:30:in `call'
  railties (4.0.8) lib/rails/rack/logger.rb:38:in `call_app'
  railties (4.0.8) lib/rails/rack/logger.rb:20:in `block in call'
  activesupport (4.0.8) lib/active_support/tagged_logging.rb:68:in `block in tagged'
  activesupport (4.0.8) lib/active_support/tagged_logging.rb:26:in `tagged'
  activesupport (4.0.8) lib/active_support/tagged_logging.rb:68:in `tagged'
  railties (4.0.8) lib/rails/rack/logger.rb:20:in `call'
  actionpack (4.0.8) lib/action_dispatch/middleware/request_id.rb:21:in `call'
  rack (1.5.2) lib/rack/methodoverride.rb:21:in `call'
  rack (1.5.2) lib/rack/runtime.rb:17:in `call'
  activesupport (4.0.8) lib/active_support/cache/strategy/local_cache.rb:83:in `call'
  rack (1.5.2) lib/rack/lock.rb:17:in `call'
  actionpack (4.0.8) lib/action_dispatch/middleware/static.rb:64:in `call'
  rack (1.5.2) lib/rack/sendfile.rb:112:in `call'
  railties (4.0.8) lib/rails/engine.rb:511:in `call'
  railties (4.0.8) lib/rails/application.rb:97:in `call'
  rack (1.5.2) lib/rack/lock.rb:17:in `call'
  rack (1.5.2) lib/rack/content_length.rb:14:in `call'
  rack (1.5.2) lib/rack/handler/webrick.rb:60:in `service'
  /Users/apple/.rvm/rubies/ruby-2.0.0-p481/lib/ruby/2.0.0/webrick/httpserver.rb:138:in `service'
  /Users/apple/.rvm/rubies/ruby-2.0.0-p481/lib/ruby/2.0.0/webrick/httpserver.rb:94:in `run'
  /Users/apple/.rvm/rubies/ruby-2.0.0-p481/lib/ruby/2.0.0/webrick/server.rb:295:in `block in start_thread'


  Rendered /Users/apple/.rvm/gems/ruby-2.0.0-p481@railstutorial_rails_4_0/gems/actionpack-4.0.8/lib/action_dispatch/middleware/templates/rescues/missing_template.erb within rescues/layout (1.2ms)


Started GET "/static_pages/home" for 127.0.0.1 at 2014-08-30 00:08:22 -0700
Processing by StaticPagesController#home as HTML
Completed 500 Internal Server Error in 1ms

ActionView::MissingTemplate (Missing template static_pages/home, application/home with {:locale=>[:en], :formats=>[:html], :handlers=>[:erb, :builder, :raw, :ruby, :jbuilder, :coffee]}. Searched in:
  * "/Users/apple/dev/github/rails_projects/first_app/app/views"
):
  actionpack (4.0.8) lib/action_view/path_set.rb:46:in `find'
  actionpack (4.0.8) lib/action_view/lookup_context.rb:122:in `find'
  actionpack (4.0.8) lib/action_view/renderer/abstract_renderer.rb:18:in `find_template'
  actionpack (4.0.8) lib/action_view/renderer/template_renderer.rb:35:in `determine_template'
  actionpack (4.0.8) lib/action_view/renderer/template_renderer.rb:8:in `render'
  actionpack (4.0.8) lib/action_view/renderer/renderer.rb:42:in `render_template'
  actionpack (4.0.8) lib/action_view/renderer/renderer.rb:23:in `render'
  actionpack (4.0.8) lib/abstract_controller/rendering.rb:127:in `_render_template'
  actionpack (4.0.8) lib/action_controller/metal/streaming.rb:219:in `_render_template'
  actionpack (4.0.8) lib/abstract_controller/rendering.rb:120:in `render_to_body'
  actionpack (4.0.8) lib/action_controller/metal/rendering.rb:33:in `render_to_body'
  actionpack (4.0.8) lib/action_controller/metal/renderers.rb:26:in `render_to_body'
  actionpack (4.0.8) lib/abstract_controller/rendering.rb:97:in `render'
  actionpack (4.0.8) lib/action_controller/metal/rendering.rb:16:in `render'
  actionpack (4.0.8) lib/action_controller/metal/instrumentation.rb:41:in `block (2 levels) in render'
  activesupport (4.0.8) lib/active_support/core_ext/benchmark.rb:12:in `block in ms'
  /Users/apple/.rvm/rubies/ruby-2.0.0-p481/lib/ruby/2.0.0/benchmark.rb:296:in `realtime'
  activesupport (4.0.8) lib/active_support/core_ext/benchmark.rb:12:in `ms'
  actionpack (4.0.8) lib/action_controller/metal/instrumentation.rb:41:in `block in render'
  actionpack (4.0.8) lib/action_controller/metal/instrumentation.rb:84:in `cleanup_view_runtime'
  activerecord (4.0.8) lib/active_record/railties/controller_runtime.rb:25:in `cleanup_view_runtime'
  actionpack (4.0.8) lib/action_controller/metal/instrumentation.rb:40:in `render'
  actionpack (4.0.8) lib/action_controller/metal/implicit_render.rb:10:in `default_render'
  actionpack (4.0.8) lib/action_controller/metal/implicit_render.rb:5:in `send_action'
  actionpack (4.0.8) lib/abstract_controller/base.rb:189:in `process_action'
  actionpack (4.0.8) lib/action_controller/metal/rendering.rb:10:in `process_action'
  actionpack (4.0.8) lib/abstract_controller/callbacks.rb:18:in `block in process_action'
  activesupport (4.0.8) lib/active_support/callbacks.rb:403:in `_run__2342606351930801626__process_action__callbacks'
  activesupport (4.0.8) lib/active_support/callbacks.rb:80:in `run_callbacks'
  actionpack (4.0.8) lib/abstract_controller/callbacks.rb:17:in `process_action'
  actionpack (4.0.8) lib/action_controller/metal/rescue.rb:29:in `process_action'
  actionpack (4.0.8) lib/action_controller/metal/instrumentation.rb:31:in `block in process_action'
  activesupport (4.0.8) lib/active_support/notifications.rb:159:in `block in instrument'
  activesupport (4.0.8) lib/active_support/notifications/instrumenter.rb:20:in `instrument'
  activesupport (4.0.8) lib/active_support/notifications.rb:159:in `instrument'
  actionpack (4.0.8) lib/action_controller/metal/instrumentation.rb:30:in `process_action'
  actionpack (4.0.8) lib/action_controller/metal/params_wrapper.rb:250:in `process_action'
  activerecord (4.0.8) lib/active_record/railties/controller_runtime.rb:18:in `process_action'
  actionpack (4.0.8) lib/abstract_controller/base.rb:136:in `process'
  actionpack (4.0.8) lib/abstract_controller/rendering.rb:44:in `process'
  actionpack (4.0.8) lib/action_controller/metal.rb:195:in `dispatch'
  actionpack (4.0.8) lib/action_controller/metal/rack_delegation.rb:13:in `dispatch'
  actionpack (4.0.8) lib/action_controller/metal.rb:231:in `block in action'
  actionpack (4.0.8) lib/action_dispatch/routing/route_set.rb:82:in `call'
  actionpack (4.0.8) lib/action_dispatch/routing/route_set.rb:82:in `dispatch'
  actionpack (4.0.8) lib/action_dispatch/routing/route_set.rb:50:in `call'
  actionpack (4.0.8) lib/action_dispatch/journey/router.rb:71:in `block in call'
  actionpack (4.0.8) lib/action_dispatch/journey/router.rb:59:in `each'
  actionpack (4.0.8) lib/action_dispatch/journey/router.rb:59:in `call'
  actionpack (4.0.8) lib/action_dispatch/routing/route_set.rb:676:in `call'
  rack (1.5.2) lib/rack/etag.rb:23:in `call'
  rack (1.5.2) lib/rack/conditionalget.rb:25:in `call'
  rack (1.5.2) lib/rack/head.rb:11:in `call'
  actionpack (4.0.8) lib/action_dispatch/middleware/params_parser.rb:27:in `call'
  actionpack (4.0.8) lib/action_dispatch/middleware/flash.rb:241:in `call'
  rack (1.5.2) lib/rack/session/abstract/id.rb:225:in `context'
  rack (1.5.2) lib/rack/session/abstract/id.rb:220:in `call'
  actionpack (4.0.8) lib/action_dispatch/middleware/cookies.rb:486:in `call'
  activerecord (4.0.8) lib/active_record/query_cache.rb:36:in `call'
  activerecord (4.0.8) lib/active_record/connection_adapters/abstract/connection_pool.rb:626:in `call'
  activerecord (4.0.8) lib/active_record/migration.rb:373:in `call'
  actionpack (4.0.8) lib/action_dispatch/middleware/callbacks.rb:29:in `block in call'
  activesupport (4.0.8) lib/active_support/callbacks.rb:373:in `_run__1631924745555316875__call__callbacks'
  activesupport (4.0.8) lib/active_support/callbacks.rb:80:in `run_callbacks'
  actionpack (4.0.8) lib/action_dispatch/middleware/callbacks.rb:27:in `call'
  actionpack (4.0.8) lib/action_dispatch/middleware/reloader.rb:64:in `call'
  actionpack (4.0.8) lib/action_dispatch/middleware/remote_ip.rb:76:in `call'
  actionpack (4.0.8) lib/action_dispatch/middleware/debug_exceptions.rb:17:in `call'
  actionpack (4.0.8) lib/action_dispatch/middleware/show_exceptions.rb:30:in `call'
  railties (4.0.8) lib/rails/rack/logger.rb:38:in `call_app'
  railties (4.0.8) lib/rails/rack/logger.rb:20:in `block in call'
  activesupport (4.0.8) lib/active_support/tagged_logging.rb:68:in `block in tagged'
  activesupport (4.0.8) lib/active_support/tagged_logging.rb:26:in `tagged'
  activesupport (4.0.8) lib/active_support/tagged_logging.rb:68:in `tagged'
  railties (4.0.8) lib/rails/rack/logger.rb:20:in `call'
  actionpack (4.0.8) lib/action_dispatch/middleware/request_id.rb:21:in `call'
  rack (1.5.2) lib/rack/methodoverride.rb:21:in `call'
  rack (1.5.2) lib/rack/runtime.rb:17:in `call'
  activesupport (4.0.8) lib/active_support/cache/strategy/local_cache.rb:83:in `call'
  rack (1.5.2) lib/rack/lock.rb:17:in `call'
  actionpack (4.0.8) lib/action_dispatch/middleware/static.rb:64:in `call'
  rack (1.5.2) lib/rack/sendfile.rb:112:in `call'
  railties (4.0.8) lib/rails/engine.rb:511:in `call'
  railties (4.0.8) lib/rails/application.rb:97:in `call'
  rack (1.5.2) lib/rack/lock.rb:17:in `call'
  rack (1.5.2) lib/rack/content_length.rb:14:in `call'
  rack (1.5.2) lib/rack/handler/webrick.rb:60:in `service'
  /Users/apple/.rvm/rubies/ruby-2.0.0-p481/lib/ruby/2.0.0/webrick/httpserver.rb:138:in `service'
  /Users/apple/.rvm/rubies/ruby-2.0.0-p481/lib/ruby/2.0.0/webrick/httpserver.rb:94:in `run'
  /Users/apple/.rvm/rubies/ruby-2.0.0-p481/lib/ruby/2.0.0/webrick/server.rb:295:in `block in start_thread'


  Rendered /Users/apple/.rvm/gems/ruby-2.0.0-p481@railstutorial_rails_4_0/gems/actionpack-4.0.8/lib/action_dispatch/middleware/templates/rescues/missing_template.erb within rescues/layout (0.4ms)


Started GET "/static_pages/home" for 127.0.0.1 at 2014-08-30 00:12:23 -0700
  [1m[36mActiveRecord::SchemaMigration Load (0.1ms)[0m  [1mSELECT "schema_migrations".* FROM "schema_migrations"[0m
Processing by StaticPagesController#home as HTML
  Rendered static_pages/home.html.erb within layouts/application (1.0ms)
Completed 200 OK in 359ms (Views: 357.9ms | ActiveRecord: 0.0ms)


Started GET "/assets/application.css?body=1" for 127.0.0.1 at 2014-08-30 00:12:24 -0700


Started GET "/assets/microposts.css?body=1" for 127.0.0.1 at 2014-08-30 00:12:24 -0700


Started GET "/assets/static_pages.css?body=1" for 127.0.0.1 at 2014-08-30 00:12:24 -0700


Started GET "/assets/scaffolds.css?body=1" for 127.0.0.1 at 2014-08-30 00:12:24 -0700


Started GET "/assets/users.css?body=1" for 127.0.0.1 at 2014-08-30 00:12:24 -0700


Started GET "/assets/jquery.js?body=1" for 127.0.0.1 at 2014-08-30 00:12:24 -0700


Started GET "/assets/turbolinks.js?body=1" for 127.0.0.1 at 2014-08-30 00:12:24 -0700


Started GET "/assets/jquery_ujs.js?body=1" for 127.0.0.1 at 2014-08-30 00:12:24 -0700


Started GET "/assets/static_pages.js?body=1" for 127.0.0.1 at 2014-08-30 00:12:24 -0700


Started GET "/assets/microposts.js?body=1" for 127.0.0.1 at 2014-08-30 00:12:24 -0700


Started GET "/assets/users.js?body=1" for 127.0.0.1 at 2014-08-30 00:12:24 -0700


Started GET "/assets/application.js?body=1" for 127.0.0.1 at 2014-08-30 00:12:24 -0700


Started GET "/static_pages/help" for 127.0.0.1 at 2014-08-30 00:12:31 -0700

AbstractController::ActionNotFound (The action 'help' could not be found for StaticPagesController):
  actionpack (4.0.8) lib/abstract_controller/base.rb:131:in `process'
  actionpack (4.0.8) lib/abstract_controller/rendering.rb:44:in `process'
  actionpack (4.0.8) lib/action_controller/metal.rb:195:in `dispatch'
  actionpack (4.0.8) lib/action_controller/metal/rack_delegation.rb:13:in `dispatch'
  actionpack (4.0.8) lib/action_controller/metal.rb:231:in `block in action'
  actionpack (4.0.8) lib/action_dispatch/routing/route_set.rb:82:in `call'
  actionpack (4.0.8) lib/action_dispatch/routing/route_set.rb:82:in `dispatch'
  actionpack (4.0.8) lib/action_dispatch/routing/route_set.rb:50:in `call'
  actionpack (4.0.8) lib/action_dispatch/journey/router.rb:71:in `block in call'
  actionpack (4.0.8) lib/action_dispatch/journey/router.rb:59:in `each'
  actionpack (4.0.8) lib/action_dispatch/journey/router.rb:59:in `call'
  actionpack (4.0.8) lib/action_dispatch/routing/route_set.rb:676:in `call'
  rack (1.5.2) lib/rack/etag.rb:23:in `call'
  rack (1.5.2) lib/rack/conditionalget.rb:25:in `call'
  rack (1.5.2) lib/rack/head.rb:11:in `call'
  actionpack (4.0.8) lib/action_dispatch/middleware/params_parser.rb:27:in `call'
  actionpack (4.0.8) lib/action_dispatch/middleware/flash.rb:241:in `call'
  rack (1.5.2) lib/rack/session/abstract/id.rb:225:in `context'
  rack (1.5.2) lib/rack/session/abstract/id.rb:220:in `call'
  actionpack (4.0.8) lib/action_dispatch/middleware/cookies.rb:486:in `call'
  activerecord (4.0.8) lib/active_record/query_cache.rb:36:in `call'
  activerecord (4.0.8) lib/active_record/connection_adapters/abstract/connection_pool.rb:626:in `call'
  activerecord (4.0.8) lib/active_record/migration.rb:373:in `call'
  actionpack (4.0.8) lib/action_dispatch/middleware/callbacks.rb:29:in `block in call'
  activesupport (4.0.8) lib/active_support/callbacks.rb:373:in `_run__3665649592538344483__call__callbacks'
  activesupport (4.0.8) lib/active_support/callbacks.rb:80:in `run_callbacks'
  actionpack (4.0.8) lib/action_dispatch/middleware/callbacks.rb:27:in `call'
  actionpack (4.0.8) lib/action_dispatch/middleware/reloader.rb:64:in `call'
  actionpack (4.0.8) lib/action_dispatch/middleware/remote_ip.rb:76:in `call'
  actionpack (4.0.8) lib/action_dispatch/middleware/debug_exceptions.rb:17:in `call'
  actionpack (4.0.8) lib/action_dispatch/middleware/show_exceptions.rb:30:in `call'
  railties (4.0.8) lib/rails/rack/logger.rb:38:in `call_app'
  railties (4.0.8) lib/rails/rack/logger.rb:20:in `block in call'
  activesupport (4.0.8) lib/active_support/tagged_logging.rb:68:in `block in tagged'
  activesupport (4.0.8) lib/active_support/tagged_logging.rb:26:in `tagged'
  activesupport (4.0.8) lib/active_support/tagged_logging.rb:68:in `tagged'
  railties (4.0.8) lib/rails/rack/logger.rb:20:in `call'
  actionpack (4.0.8) lib/action_dispatch/middleware/request_id.rb:21:in `call'
  rack (1.5.2) lib/rack/methodoverride.rb:21:in `call'
  rack (1.5.2) lib/rack/runtime.rb:17:in `call'
  activesupport (4.0.8) lib/active_support/cache/strategy/local_cache.rb:83:in `call'
  rack (1.5.2) lib/rack/lock.rb:17:in `call'
  actionpack (4.0.8) lib/action_dispatch/middleware/static.rb:64:in `call'
  rack (1.5.2) lib/rack/sendfile.rb:112:in `call'
  railties (4.0.8) lib/rails/engine.rb:511:in `call'
  railties (4.0.8) lib/rails/application.rb:97:in `call'
  rack (1.5.2) lib/rack/lock.rb:17:in `call'
  rack (1.5.2) lib/rack/content_length.rb:14:in `call'
  rack (1.5.2) lib/rack/handler/webrick.rb:60:in `service'
  /Users/apple/.rvm/rubies/ruby-2.0.0-p481/lib/ruby/2.0.0/webrick/httpserver.rb:138:in `service'
  /Users/apple/.rvm/rubies/ruby-2.0.0-p481/lib/ruby/2.0.0/webrick/httpserver.rb:94:in `run'
  /Users/apple/.rvm/rubies/ruby-2.0.0-p481/lib/ruby/2.0.0/webrick/server.rb:295:in `block in start_thread'


  Rendered /Users/apple/.rvm/gems/ruby-2.0.0-p481@railstutorial_rails_4_0/gems/actionpack-4.0.8/lib/action_dispatch/middleware/templates/rescues/unknown_action.erb within rescues/layout (0.6ms)


Started GET "/" for 127.0.0.1 at 2014-08-30 00:41:58 -0700
  [1m[36mActiveRecord::SchemaMigration Load (0.1ms)[0m  [1mSELECT "schema_migrations".* FROM "schema_migrations"[0m
Processing by Rails::WelcomeController#index as HTML
  Rendered /Users/apple/.rvm/gems/ruby-2.0.0-p481@railstutorial_rails_4_0/gems/railties-4.0.8/lib/rails/templates/rails/welcome/index.html.erb (1.4ms)
Completed 200 OK in 7ms (Views: 6.6ms | ActiveRecord: 0.0ms)


Started GET "/static_pages/home" for 127.0.0.1 at 2014-08-30 00:42:03 -0700
Processing by StaticPagesController#home as HTML
  Rendered static_pages/home.html.erb within layouts/application (0.4ms)
Completed 200 OK in 73ms (Views: 72.4ms | ActiveRecord: 0.0ms)


Started GET "/assets/application.css?body=1" for 127.0.0.1 at 2014-08-30 00:42:03 -0700


Started GET "/assets/microposts.css?body=1" for 127.0.0.1 at 2014-08-30 00:42:03 -0700


Started GET "/assets/scaffolds.css?body=1" for 127.0.0.1 at 2014-08-30 00:42:03 -0700


Started GET "/assets/static_pages.css?body=1" for 127.0.0.1 at 2014-08-30 00:42:03 -0700


Started GET "/assets/users.css?body=1" for 127.0.0.1 at 2014-08-30 00:42:03 -0700


Started GET "/assets/jquery.js?body=1" for 127.0.0.1 at 2014-08-30 00:42:03 -0700


Started GET "/assets/turbolinks.js?body=1" for 127.0.0.1 at 2014-08-30 00:42:03 -0700


Started GET "/assets/static_pages.js?body=1" for 127.0.0.1 at 2014-08-30 00:42:03 -0700


Started GET "/assets/microposts.js?body=1" for 127.0.0.1 at 2014-08-30 00:42:03 -0700


Started GET "/assets/users.js?body=1" for 127.0.0.1 at 2014-08-30 00:42:03 -0700


Started GET "/assets/application.js?body=1" for 127.0.0.1 at 2014-08-30 00:42:03 -0700


Started GET "/assets/jquery_ujs.js?body=1" for 127.0.0.1 at 2014-08-30 00:42:03 -0700


Started GET "/static_pages/home" for 127.0.0.1 at 2014-08-30 00:42:53 -0700
Processing by StaticPagesController#home as HTML
  Rendered static_pages/home.html.erb within layouts/application (0.1ms)
Completed 200 OK in 7ms (Views: 6.8ms | ActiveRecord: 0.0ms)


Started GET "/assets/application.css?body=1" for 127.0.0.1 at 2014-08-30 00:42:53 -0700


Started GET "/assets/microposts.css?body=1" for 127.0.0.1 at 2014-08-30 00:42:53 -0700


Started GET "/assets/static_pages.css?body=1" for 127.0.0.1 at 2014-08-30 00:42:53 -0700


Started GET "/assets/scaffolds.css?body=1" for 127.0.0.1 at 2014-08-30 00:42:53 -0700


Started GET "/assets/jquery.js?body=1" for 127.0.0.1 at 2014-08-30 00:42:53 -0700


Started GET "/assets/users.css?body=1" for 127.0.0.1 at 2014-08-30 00:42:53 -0700


Started GET "/assets/turbolinks.js?body=1" for 127.0.0.1 at 2014-08-30 00:42:53 -0700


Started GET "/assets/microposts.js?body=1" for 127.0.0.1 at 2014-08-30 00:42:53 -0700


Started GET "/assets/jquery_ujs.js?body=1" for 127.0.0.1 at 2014-08-30 00:42:53 -0700


Started GET "/assets/static_pages.js?body=1" for 127.0.0.1 at 2014-08-30 00:42:53 -0700


Started GET "/assets/users.js?body=1" for 127.0.0.1 at 2014-08-30 00:42:53 -0700


Started GET "/assets/application.js?body=1" for 127.0.0.1 at 2014-08-30 00:42:53 -0700


Started GET "/static_pages/home" for 127.0.0.1 at 2014-08-30 00:43:04 -0700
Processing by StaticPagesController#home as HTML
  Rendered static_pages/home.html.erb within layouts/application (0.7ms)
Completed 200 OK in 8ms (Views: 7.5ms | ActiveRecord: 0.0ms)


Started GET "/assets/application.css?body=1" for 127.0.0.1 at 2014-08-30 00:43:04 -0700


Started GET "/assets/microposts.css?body=1" for 127.0.0.1 at 2014-08-30 00:43:04 -0700


Started GET "/assets/scaffolds.css?body=1" for 127.0.0.1 at 2014-08-30 00:43:04 -0700


Started GET "/assets/static_pages.css?body=1" for 127.0.0.1 at 2014-08-30 00:43:04 -0700


Started GET "/assets/users.css?body=1" for 127.0.0.1 at 2014-08-30 00:43:04 -0700


Started GET "/assets/jquery.js?body=1" for 127.0.0.1 at 2014-08-30 00:43:04 -0700


Started GET "/assets/jquery_ujs.js?body=1" for 127.0.0.1 at 2014-08-30 00:43:04 -0700


Started GET "/assets/microposts.js?body=1" for 127.0.0.1 at 2014-08-30 00:43:04 -0700


Started GET "/assets/turbolinks.js?body=1" for 127.0.0.1 at 2014-08-30 00:43:04 -0700


Started GET "/assets/static_pages.js?body=1" for 127.0.0.1 at 2014-08-30 00:43:04 -0700


Started GET "/assets/users.js?body=1" for 127.0.0.1 at 2014-08-30 00:43:04 -0700


Started GET "/assets/application.js?body=1" for 127.0.0.1 at 2014-08-30 00:43:04 -0700


<<<<<<< HEAD
Started GET "/static_pages/home" for 127.0.0.1 at 2014-08-30 00:44:56 -0700
  [1m[36mActiveRecord::SchemaMigration Load (0.1ms)[0m  [1mSELECT "schema_migrations".* FROM "schema_migrations"[0m
Processing by StaticPagesController#home as HTML
  Rendered static_pages/home.html.erb within layouts/application (2.0ms)
Completed 200 OK in 79ms (Views: 78.5ms | ActiveRecord: 0.0ms)


Started GET "/assets/application.css?body=1" for 127.0.0.1 at 2014-08-30 00:44:57 -0700


Started GET "/assets/scaffolds.css?body=1" for 127.0.0.1 at 2014-08-30 00:44:57 -0700


Started GET "/assets/microposts.css?body=1" for 127.0.0.1 at 2014-08-30 00:44:57 -0700


Started GET "/assets/static_pages.css?body=1" for 127.0.0.1 at 2014-08-30 00:44:57 -0700


Started GET "/assets/users.css?body=1" for 127.0.0.1 at 2014-08-30 00:44:57 -0700


Started GET "/assets/turbolinks.js?body=1" for 127.0.0.1 at 2014-08-30 00:44:57 -0700


Started GET "/assets/jquery_ujs.js?body=1" for 127.0.0.1 at 2014-08-30 00:44:57 -0700


Started GET "/assets/jquery.js?body=1" for 127.0.0.1 at 2014-08-30 00:44:57 -0700


Started GET "/assets/microposts.js?body=1" for 127.0.0.1 at 2014-08-30 00:44:57 -0700


Started GET "/assets/static_pages.js?body=1" for 127.0.0.1 at 2014-08-30 00:44:57 -0700


Started GET "/assets/users.js?body=1" for 127.0.0.1 at 2014-08-30 00:44:57 -0700


Started GET "/assets/application.js?body=1" for 127.0.0.1 at 2014-08-30 00:44:57 -0700
=======
Started GET "/" for 127.0.0.1 at 2014-09-02 13:58:50 -0700
  [1m[36mActiveRecord::SchemaMigration Load (0.0ms)[0m  [1mSELECT "schema_migrations".* FROM "schema_migrations"[0m
Processing by Rails::WelcomeController#index as HTML
  Rendered J:/dev/tools/RailsInstaller/Ruby1.9.3/lib/ruby/gems/1.9.1/gems/railties-4.0.8/lib/rails/templates/rails/welcome/index.html.erb (6.0ms)
Completed 200 OK in 34ms (Views: 33.0ms | ActiveRecord: 0.0ms)


Started GET "/" for 127.0.0.1 at 2014-09-02 13:58:50 -0700
Processing by Rails::WelcomeController#index as HTML
  Rendered J:/dev/tools/RailsInstaller/Ruby1.9.3/lib/ruby/gems/1.9.1/gems/railties-4.0.8/lib/rails/templates/rails/welcome/index.html.erb (0.0ms)
Completed 200 OK in 7ms (Views: 6.0ms | ActiveRecord: 0.0ms)


Started GET "/users" for 127.0.0.1 at 2014-09-02 13:58:54 -0700
Processing by UsersController#index as HTML
  [1m[35mUser Load (0.0ms)[0m  SELECT "users".* FROM "users"
  Rendered users/index.html.erb within layouts/application (3.0ms)
Completed 200 OK in 1143ms (Views: 1140.0ms | ActiveRecord: 0.0ms)


Started GET "/users" for 127.0.0.1 at 2014-09-02 13:58:55 -0700
Processing by UsersController#index as HTML
  [1m[36mUser Load (0.0ms)[0m  [1mSELECT "users".* FROM "users"[0m
  Rendered users/index.html.erb within layouts/application (2.0ms)
Completed 200 OK in 16ms (Views: 15.0ms | ActiveRecord: 0.0ms)


Started GET "/assets/microposts.css?body=1" for 127.0.0.1 at 2014-09-02 13:58:56 -0700


Started GET "/assets/scaffolds.css?body=1" for 127.0.0.1 at 2014-09-02 13:58:56 -0700


Started GET "/assets/application.css?body=1" for 127.0.0.1 at 2014-09-02 13:58:56 -0700


Started GET "/assets/static_pages.css?body=1" for 127.0.0.1 at 2014-09-02 13:58:56 -0700


Started GET "/assets/users.css?body=1" for 127.0.0.1 at 2014-09-02 13:58:56 -0700


Started GET "/assets/jquery.js?body=1" for 127.0.0.1 at 2014-09-02 13:58:56 -0700


Started GET "/assets/jquery_ujs.js?body=1" for 127.0.0.1 at 2014-09-02 13:58:56 -0700


Started GET "/assets/turbolinks.js?body=1" for 127.0.0.1 at 2014-09-02 13:58:56 -0700


Started GET "/assets/microposts.js?body=1" for 127.0.0.1 at 2014-09-02 13:58:56 -0700


Started GET "/assets/static_pages.js?body=1" for 127.0.0.1 at 2014-09-02 13:58:56 -0700


Started GET "/assets/users.js?body=1" for 127.0.0.1 at 2014-09-02 13:58:56 -0700


Started GET "/assets/application.js?body=1" for 127.0.0.1 at 2014-09-02 13:58:56 -0700


Started GET "/microposts" for 127.0.0.1 at 2014-09-02 13:59:07 -0700
Processing by MicropostsController#index as HTML
  [1m[35mMicropost Load (0.0ms)[0m  SELECT "microposts".* FROM "microposts"
  Rendered microposts/index.html.erb within layouts/application (2.0ms)
Completed 200 OK in 37ms (Views: 34.0ms | ActiveRecord: 0.0ms)


Started GET "/assets/jquery.js?body=1" for 127.0.0.1 at 2014-09-02 13:59:07 -0700


Started GET "/assets/jquery_ujs.js?body=1" for 127.0.0.1 at 2014-09-02 13:59:07 -0700


Started GET "/assets/turbolinks.js?body=1" for 127.0.0.1 at 2014-09-02 13:59:07 -0700


Started GET "/static_pages/home" for 127.0.0.1 at 2014-09-02 13:59:13 -0700
Processing by StaticPagesController#home as HTML
  Rendered static_pages/home.html.erb within layouts/application (1.0ms)
Completed 200 OK in 14ms (Views: 13.0ms | ActiveRecord: 0.0ms)


Started GET "/assets/jquery_ujs.js?body=1" for 127.0.0.1 at 2014-09-02 13:59:13 -0700


Started GET "/assets/jquery.js?body=1" for 127.0.0.1 at 2014-09-02 13:59:13 -0700


Started GET "/assets/turbolinks.js?body=1" for 127.0.0.1 at 2014-09-02 13:59:13 -0700


Started GET "/static_pages/about" for 127.0.0.1 at 2014-09-02 13:59:25 -0700
Processing by StaticPagesController#about as HTML
  Rendered static_pages/about.html.erb within layouts/application (1.0ms)
Completed 200 OK in 19ms (Views: 18.0ms | ActiveRecord: 0.0ms)


Started GET "/assets/jquery.js?body=1" for 127.0.0.1 at 2014-09-02 13:59:25 -0700


Started GET "/assets/turbolinks.js?body=1" for 127.0.0.1 at 2014-09-02 13:59:25 -0700


Started GET "/assets/application.js?body=1" for 127.0.0.1 at 2014-09-02 13:59:25 -0700


Started GET "/assets/jquery_ujs.js?body=1" for 127.0.0.1 at 2014-09-02 13:59:25 -0700


Started GET "/static_pages/help" for 127.0.0.1 at 2014-09-02 13:59:28 -0700
Processing by StaticPagesController#help as HTML
  Rendered static_pages/help.html.erb within layouts/application (0.0ms)
Completed 200 OK in 12ms (Views: 12.0ms | ActiveRecord: 0.0ms)


Started GET "/assets/jquery.js?body=1" for 127.0.0.1 at 2014-09-02 13:59:29 -0700


Started GET "/assets/jquery_ujs.js?body=1" for 127.0.0.1 at 2014-09-02 13:59:29 -0700


Started GET "/assets/turbolinks.js?body=1" for 127.0.0.1 at 2014-09-02 13:59:29 -0700


Started GET "/assets/application.js?body=1" for 127.0.0.1 at 2014-09-02 13:59:29 -0700


Started GET "/users" for 127.0.0.1 at 2014-09-02 14:30:27 -0700
  [1m[36mActiveRecord::SchemaMigration Load (0.0ms)[0m  [1mSELECT "schema_migrations".* FROM "schema_migrations"[0m
Processing by UsersController#index as HTML
  [1m[35mUser Load (1.0ms)[0m  SELECT "users".* FROM "users"
  Rendered users/index.html.erb within layouts/application (7.0ms)
Completed 500 Internal Server Error in 87ms

ActionView::Template::Error (File to import not found or unreadable: bootstrap.
Load paths:
  j:/dev/github/first_app/app/assets/images
  j:/dev/github/first_app/app/assets/javascripts
  j:/dev/github/first_app/app/assets/stylesheets
  j:/dev/github/first_app/vendor/assets/javascripts
  j:/dev/github/first_app/vendor/assets/stylesheets
  j:/dev/tools/RailsInstaller/Ruby1.9.3/lib/ruby/gems/1.9.1/gems/turbolinks-1.1.1/lib/assets/javascripts
  j:/dev/tools/RailsInstaller/Ruby1.9.3/lib/ruby/gems/1.9.1/gems/jquery-rails-3.0.4/vendor/assets/javascripts
  j:/dev/tools/RailsInstaller/Ruby1.9.3/lib/ruby/gems/1.9.1/gems/coffee-rails-4.0.1/lib/assets/javascripts
  (in j:/dev/github/first_app/app/assets/stylesheets/custom.css.scss:1)):
    2: <html>
    3: <head>
    4:   <title>Ruby on Rails Tutorial Sample App | <%= yield(:title) %></title>
    5:   <%= stylesheet_link_tag    "application", media: "all",
    6:                                             "data-turbolinks-track" => true %>
    7:   <%= javascript_include_tag "application", "data-turbolinks-track" => true %>
    8:   <%= csrf_meta_tags %>
  app/assets/stylesheets/custom.css.scss:1
  app/views/layouts/application.html.erb:5:in `_app_views_layouts_application_html_erb___904358846_33384288'


  Rendered j:/dev/tools/RailsInstaller/Ruby1.9.3/lib/ruby/gems/1.9.1/gems/actionpack-4.0.8/lib/action_dispatch/middleware/templates/rescues/_trace.erb (1.0ms)
  Rendered j:/dev/tools/RailsInstaller/Ruby1.9.3/lib/ruby/gems/1.9.1/gems/actionpack-4.0.8/lib/action_dispatch/middleware/templates/rescues/_request_and_response.erb (18.0ms)
  Rendered j:/dev/tools/RailsInstaller/Ruby1.9.3/lib/ruby/gems/1.9.1/gems/actionpack-4.0.8/lib/action_dispatch/middleware/templates/rescues/template_error.erb within rescues/layout (43.0ms)


Started GET "/users" for 127.0.0.1 at 2014-09-02 14:32:03 -0700
  [1m[36mActiveRecord::SchemaMigration Load (0.0ms)[0m  [1mSELECT "schema_migrations".* FROM "schema_migrations"[0m
Processing by UsersController#index as HTML
  [1m[35mUser Load (1.0ms)[0m  SELECT "users".* FROM "users"
  Rendered users/index.html.erb within layouts/application (8.0ms)
Completed 500 Internal Server Error in 93ms

ActionView::Template::Error (File to import not found or unreadable: bootstrap.
Load paths:
  j:/dev/github/first_app/app/assets/images
  j:/dev/github/first_app/app/assets/javascripts
  j:/dev/github/first_app/app/assets/stylesheets
  j:/dev/github/first_app/vendor/assets/javascripts
  j:/dev/github/first_app/vendor/assets/stylesheets
  j:/dev/tools/RailsInstaller/Ruby1.9.3/lib/ruby/gems/1.9.1/gems/turbolinks-1.1.1/lib/assets/javascripts
  j:/dev/tools/RailsInstaller/Ruby1.9.3/lib/ruby/gems/1.9.1/gems/jquery-rails-3.0.4/vendor/assets/javascripts
  j:/dev/tools/RailsInstaller/Ruby1.9.3/lib/ruby/gems/1.9.1/gems/coffee-rails-4.0.1/lib/assets/javascripts
  (in j:/dev/github/first_app/app/assets/stylesheets/custom.css.scss:1)):
    2: <html>
    3: <head>
    4:   <title>Ruby on Rails Tutorial Sample App | <%= yield(:title) %></title>
    5:   <%= stylesheet_link_tag    "application", media: "all",
    6:                                             "data-turbolinks-track" => true %>
    7:   <%= javascript_include_tag "application", "data-turbolinks-track" => true %>
    8:   <%= csrf_meta_tags %>
  app/assets/stylesheets/custom.css.scss:1
  app/views/layouts/application.html.erb:5:in `_app_views_layouts_application_html_erb__493205199_33249780'


  Rendered j:/dev/tools/RailsInstaller/Ruby1.9.3/lib/ruby/gems/1.9.1/gems/actionpack-4.0.8/lib/action_dispatch/middleware/templates/rescues/_trace.erb (1.0ms)
  Rendered j:/dev/tools/RailsInstaller/Ruby1.9.3/lib/ruby/gems/1.9.1/gems/actionpack-4.0.8/lib/action_dispatch/middleware/templates/rescues/_request_and_response.erb (17.0ms)
  Rendered j:/dev/tools/RailsInstaller/Ruby1.9.3/lib/ruby/gems/1.9.1/gems/actionpack-4.0.8/lib/action_dispatch/middleware/templates/rescues/template_error.erb within rescues/layout (49.0ms)


Started GET "/users" for 127.0.0.1 at 2014-09-02 14:34:41 -0700
  [1m[36mActiveRecord::SchemaMigration Load (0.0ms)[0m  [1mSELECT "schema_migrations".* FROM "schema_migrations"[0m
Processing by UsersController#index as HTML
  [1m[35mUser Load (1.0ms)[0m  SELECT "users".* FROM "users"
  Rendered users/index.html.erb within layouts/application (8.0ms)
Completed 500 Internal Server Error in 86ms

ActionView::Template::Error (File to import not found or unreadable: bootstrap.
Load paths:
  j:/dev/github/first_app/app/assets/images
  j:/dev/github/first_app/app/assets/javascripts
  j:/dev/github/first_app/app/assets/stylesheets
  j:/dev/github/first_app/vendor/assets/javascripts
  j:/dev/github/first_app/vendor/assets/stylesheets
  j:/dev/tools/RailsInstaller/Ruby1.9.3/lib/ruby/gems/1.9.1/gems/turbolinks-1.1.1/lib/assets/javascripts
  j:/dev/tools/RailsInstaller/Ruby1.9.3/lib/ruby/gems/1.9.1/gems/jquery-rails-3.0.4/vendor/assets/javascripts
  j:/dev/tools/RailsInstaller/Ruby1.9.3/lib/ruby/gems/1.9.1/gems/coffee-rails-4.0.1/lib/assets/javascripts
  (in j:/dev/github/first_app/app/assets/stylesheets/custom.css.scss:1)):
    2: <html>
    3: <head>
    4:   <title>Ruby on Rails Tutorial Sample App | <%= yield(:title) %></title>
    5:   <%= stylesheet_link_tag    "application", media: "all",
    6:                                             "data-turbolinks-track" => true %>
    7:   <%= javascript_include_tag "application", "data-turbolinks-track" => true %>
    8:   <%= csrf_meta_tags %>
  app/assets/stylesheets/custom.css.scss:1
  app/views/layouts/application.html.erb:5:in `_app_views_layouts_application_html_erb___455330746_33204420'


  Rendered j:/dev/tools/RailsInstaller/Ruby1.9.3/lib/ruby/gems/1.9.1/gems/actionpack-4.0.8/lib/action_dispatch/middleware/templates/rescues/_trace.erb (2.0ms)
  Rendered j:/dev/tools/RailsInstaller/Ruby1.9.3/lib/ruby/gems/1.9.1/gems/actionpack-4.0.8/lib/action_dispatch/middleware/templates/rescues/_request_and_response.erb (18.0ms)
  Rendered j:/dev/tools/RailsInstaller/Ruby1.9.3/lib/ruby/gems/1.9.1/gems/actionpack-4.0.8/lib/action_dispatch/middleware/templates/rescues/template_error.erb within rescues/layout (48.0ms)


Started GET "/users" for 127.0.0.1 at 2014-09-02 14:35:50 -0700
Processing by UsersController#index as HTML
  [1m[36mUser Load (1.0ms)[0m  [1mSELECT "users".* FROM "users"[0m
  Rendered users/index.html.erb within layouts/application (3.0ms)
Completed 500 Internal Server Error in 41ms

ActionView::Template::Error (File to import not found or unreadable: bootstrap.
Load paths:
  j:/dev/github/first_app/app/assets/images
  j:/dev/github/first_app/app/assets/javascripts
  j:/dev/github/first_app/app/assets/stylesheets
  j:/dev/github/first_app/vendor/assets/javascripts
  j:/dev/github/first_app/vendor/assets/stylesheets
  j:/dev/tools/RailsInstaller/Ruby1.9.3/lib/ruby/gems/1.9.1/gems/turbolinks-1.1.1/lib/assets/javascripts
  j:/dev/tools/RailsInstaller/Ruby1.9.3/lib/ruby/gems/1.9.1/gems/jquery-rails-3.0.4/vendor/assets/javascripts
  j:/dev/tools/RailsInstaller/Ruby1.9.3/lib/ruby/gems/1.9.1/gems/coffee-rails-4.0.1/lib/assets/javascripts
  (in j:/dev/github/first_app/app/assets/stylesheets/custom.css.scss:1)):
    2: <html>
    3: <head>
    4:   <title>Ruby on Rails Tutorial Sample App | <%= yield(:title) %></title>
    5:   <%= stylesheet_link_tag    "application", media: "all",
    6:                                             "data-turbolinks-track" => true %>
    7:   <%= javascript_include_tag "application", "data-turbolinks-track" => true %>
    8:   <%= csrf_meta_tags %>
  app/assets/stylesheets/custom.css.scss:1
  app/views/layouts/application.html.erb:5:in `_app_views_layouts_application_html_erb___455330746_33204420'


  Rendered j:/dev/tools/RailsInstaller/Ruby1.9.3/lib/ruby/gems/1.9.1/gems/actionpack-4.0.8/lib/action_dispatch/middleware/templates/rescues/_trace.erb (1.0ms)
  Rendered j:/dev/tools/RailsInstaller/Ruby1.9.3/lib/ruby/gems/1.9.1/gems/actionpack-4.0.8/lib/action_dispatch/middleware/templates/rescues/_request_and_response.erb (1.0ms)
  Rendered j:/dev/tools/RailsInstaller/Ruby1.9.3/lib/ruby/gems/1.9.1/gems/actionpack-4.0.8/lib/action_dispatch/middleware/templates/rescues/template_error.erb within rescues/layout (26.0ms)


Started GET "/users" for 127.0.0.1 at 2014-09-02 14:35:59 -0700
Processing by UsersController#index as HTML
  [1m[35mUser Load (0.0ms)[0m  SELECT "users".* FROM "users"
  Rendered users/index.html.erb within layouts/application (4.0ms)
Completed 500 Internal Server Error in 30ms

ActionView::Template::Error (File to import not found or unreadable: bootstrap.
Load paths:
  j:/dev/github/first_app/app/assets/images
  j:/dev/github/first_app/app/assets/javascripts
  j:/dev/github/first_app/app/assets/stylesheets
  j:/dev/github/first_app/vendor/assets/javascripts
  j:/dev/github/first_app/vendor/assets/stylesheets
  j:/dev/tools/RailsInstaller/Ruby1.9.3/lib/ruby/gems/1.9.1/gems/turbolinks-1.1.1/lib/assets/javascripts
  j:/dev/tools/RailsInstaller/Ruby1.9.3/lib/ruby/gems/1.9.1/gems/jquery-rails-3.0.4/vendor/assets/javascripts
  j:/dev/tools/RailsInstaller/Ruby1.9.3/lib/ruby/gems/1.9.1/gems/coffee-rails-4.0.1/lib/assets/javascripts
  (in j:/dev/github/first_app/app/assets/stylesheets/custom.css.scss:1)):
    2: <html>
    3: <head>
    4:   <title>Ruby on Rails Tutorial Sample App | <%= yield(:title) %></title>
    5:   <%= stylesheet_link_tag    "application", media: "all",
    6:                                             "data-turbolinks-track" => true %>
    7:   <%= javascript_include_tag "application", "data-turbolinks-track" => true %>
    8:   <%= csrf_meta_tags %>
  app/assets/stylesheets/custom.css.scss:1
  app/views/layouts/application.html.erb:5:in `_app_views_layouts_application_html_erb___455330746_33204420'


  Rendered j:/dev/tools/RailsInstaller/Ruby1.9.3/lib/ruby/gems/1.9.1/gems/actionpack-4.0.8/lib/action_dispatch/middleware/templates/rescues/_trace.erb (2.0ms)
  Rendered j:/dev/tools/RailsInstaller/Ruby1.9.3/lib/ruby/gems/1.9.1/gems/actionpack-4.0.8/lib/action_dispatch/middleware/templates/rescues/_request_and_response.erb (1.0ms)
  Rendered j:/dev/tools/RailsInstaller/Ruby1.9.3/lib/ruby/gems/1.9.1/gems/actionpack-4.0.8/lib/action_dispatch/middleware/templates/rescues/template_error.erb within rescues/layout (28.0ms)


Started GET "/users" for 127.0.0.1 at 2014-09-02 14:36:00 -0700
Processing by UsersController#index as HTML
  [1m[36mUser Load (1.0ms)[0m  [1mSELECT "users".* FROM "users"[0m
  Rendered users/index.html.erb within layouts/application (5.0ms)
Completed 500 Internal Server Error in 29ms

ActionView::Template::Error (File to import not found or unreadable: bootstrap.
Load paths:
  j:/dev/github/first_app/app/assets/images
  j:/dev/github/first_app/app/assets/javascripts
  j:/dev/github/first_app/app/assets/stylesheets
  j:/dev/github/first_app/vendor/assets/javascripts
  j:/dev/github/first_app/vendor/assets/stylesheets
  j:/dev/tools/RailsInstaller/Ruby1.9.3/lib/ruby/gems/1.9.1/gems/turbolinks-1.1.1/lib/assets/javascripts
  j:/dev/tools/RailsInstaller/Ruby1.9.3/lib/ruby/gems/1.9.1/gems/jquery-rails-3.0.4/vendor/assets/javascripts
  j:/dev/tools/RailsInstaller/Ruby1.9.3/lib/ruby/gems/1.9.1/gems/coffee-rails-4.0.1/lib/assets/javascripts
  (in j:/dev/github/first_app/app/assets/stylesheets/custom.css.scss:1)):
    2: <html>
    3: <head>
    4:   <title>Ruby on Rails Tutorial Sample App | <%= yield(:title) %></title>
    5:   <%= stylesheet_link_tag    "application", media: "all",
    6:                                             "data-turbolinks-track" => true %>
    7:   <%= javascript_include_tag "application", "data-turbolinks-track" => true %>
    8:   <%= csrf_meta_tags %>
  app/assets/stylesheets/custom.css.scss:1
  app/views/layouts/application.html.erb:5:in `_app_views_layouts_application_html_erb___455330746_33204420'


  Rendered j:/dev/tools/RailsInstaller/Ruby1.9.3/lib/ruby/gems/1.9.1/gems/actionpack-4.0.8/lib/action_dispatch/middleware/templates/rescues/_trace.erb (1.0ms)
  Rendered j:/dev/tools/RailsInstaller/Ruby1.9.3/lib/ruby/gems/1.9.1/gems/actionpack-4.0.8/lib/action_dispatch/middleware/templates/rescues/_request_and_response.erb (1.0ms)
  Rendered j:/dev/tools/RailsInstaller/Ruby1.9.3/lib/ruby/gems/1.9.1/gems/actionpack-4.0.8/lib/action_dispatch/middleware/templates/rescues/template_error.erb within rescues/layout (25.0ms)


Started GET "/users" for 127.0.0.1 at 2014-09-02 14:40:13 -0700
  [1m[36mActiveRecord::SchemaMigration Load (1.0ms)[0m  [1mSELECT "schema_migrations".* FROM "schema_migrations"[0m
Processing by UsersController#index as HTML
  [1m[35mUser Load (0.0ms)[0m  SELECT "users".* FROM "users"
  Rendered users/index.html.erb within layouts/application (8.0ms)
Completed 500 Internal Server Error in 70ms

ActionView::Template::Error (No such file or directory - J:/dev/github/vendor
  (in J:/dev/github/first_app/app/assets/stylesheets/custom.css.scss)):
    2: <html>
    3: <head>
    4:   <title>Ruby on Rails Tutorial Sample App | <%= yield(:title) %></title>
    5:   <%= stylesheet_link_tag    "application", media: "all",
    6:                                             "data-turbolinks-track" => true %>
    7:   <%= javascript_include_tag "application", "data-turbolinks-track" => true %>
    8:   <%= csrf_meta_tags %>
  app/views/layouts/application.html.erb:5:in `_app_views_layouts_application_html_erb__402433839_53536908'


  Rendered J:/dev/tools/RailsInstaller/Ruby1.9.3/lib/ruby/gems/1.9.1/gems/actionpack-4.0.8/lib/action_dispatch/middleware/templates/rescues/_trace.erb (1.0ms)
  Rendered J:/dev/tools/RailsInstaller/Ruby1.9.3/lib/ruby/gems/1.9.1/gems/actionpack-4.0.8/lib/action_dispatch/middleware/templates/rescues/_request_and_response.erb (18.0ms)
  Rendered J:/dev/tools/RailsInstaller/Ruby1.9.3/lib/ruby/gems/1.9.1/gems/actionpack-4.0.8/lib/action_dispatch/middleware/templates/rescues/template_error.erb within rescues/layout (42.0ms)


Started GET "/users" for 127.0.0.1 at 2014-09-02 14:41:59 -0700
  [1m[36mActiveRecord::SchemaMigration Load (0.0ms)[0m  [1mSELECT "schema_migrations".* FROM "schema_migrations"[0m
Processing by UsersController#index as HTML
  [1m[35mUser Load (0.0ms)[0m  SELECT "users".* FROM "users"
  Rendered users/index.html.erb within layouts/application (7.0ms)
Completed 200 OK in 3715ms (Views: 3712.0ms | ActiveRecord: 0.0ms)


Started GET "/assets/custom.css?body=1" for 127.0.0.1 at 2014-09-02 14:42:03 -0700


Started GET "/assets/application.css?body=1" for 127.0.0.1 at 2014-09-02 14:42:03 -0700


Started GET "/assets/microposts.css?body=1" for 127.0.0.1 at 2014-09-02 14:42:03 -0700


Started GET "/assets/scaffolds.css?body=1" for 127.0.0.1 at 2014-09-02 14:42:03 -0700


Started GET "/assets/static_pages.css?body=1" for 127.0.0.1 at 2014-09-02 14:42:03 -0700


Started GET "/assets/users.css?body=1" for 127.0.0.1 at 2014-09-02 14:42:03 -0700


Started GET "/assets/jquery.js?body=1" for 127.0.0.1 at 2014-09-02 14:42:03 -0700


Started GET "/assets/jquery_ujs.js?body=1" for 127.0.0.1 at 2014-09-02 14:42:03 -0700


Started GET "/assets/turbolinks.js?body=1" for 127.0.0.1 at 2014-09-02 14:42:03 -0700


Started GET "/assets/static_pages.js?body=1" for 127.0.0.1 at 2014-09-02 14:42:03 -0700


Started GET "/assets/microposts.js?body=1" for 127.0.0.1 at 2014-09-02 14:42:03 -0700


Started GET "/assets/users.js?body=1" for 127.0.0.1 at 2014-09-02 14:42:03 -0700


Started GET "/assets/application.js?body=1" for 127.0.0.1 at 2014-09-02 14:42:03 -0700


Started GET "/home" for 127.0.0.1 at 2014-09-02 14:42:07 -0700

ActionController::RoutingError (No route matches [GET] "/home"):
  actionpack (4.0.8) lib/action_dispatch/middleware/debug_exceptions.rb:21:in `call'
  actionpack (4.0.8) lib/action_dispatch/middleware/show_exceptions.rb:30:in `call'
  railties (4.0.8) lib/rails/rack/logger.rb:38:in `call_app'
  railties (4.0.8) lib/rails/rack/logger.rb:20:in `block in call'
  activesupport (4.0.8) lib/active_support/tagged_logging.rb:68:in `block in tagged'
  activesupport (4.0.8) lib/active_support/tagged_logging.rb:26:in `tagged'
  activesupport (4.0.8) lib/active_support/tagged_logging.rb:68:in `tagged'
  railties (4.0.8) lib/rails/rack/logger.rb:20:in `call'
  actionpack (4.0.8) lib/action_dispatch/middleware/request_id.rb:21:in `call'
  rack (1.5.2) lib/rack/methodoverride.rb:21:in `call'
  rack (1.5.2) lib/rack/runtime.rb:17:in `call'
  activesupport (4.0.8) lib/active_support/cache/strategy/local_cache.rb:83:in `call'
  rack (1.5.2) lib/rack/lock.rb:17:in `call'
  actionpack (4.0.8) lib/action_dispatch/middleware/static.rb:64:in `call'
  rack (1.5.2) lib/rack/sendfile.rb:112:in `call'
  railties (4.0.8) lib/rails/engine.rb:511:in `call'
  railties (4.0.8) lib/rails/application.rb:97:in `call'
  rack (1.5.2) lib/rack/lock.rb:17:in `call'
  rack (1.5.2) lib/rack/content_length.rb:14:in `call'
  rack (1.5.2) lib/rack/handler/webrick.rb:60:in `service'
  J:/dev/tools/RailsInstaller/Ruby1.9.3/lib/ruby/1.9.1/webrick/httpserver.rb:138:in `service'
  J:/dev/tools/RailsInstaller/Ruby1.9.3/lib/ruby/1.9.1/webrick/httpserver.rb:94:in `run'
  J:/dev/tools/RailsInstaller/Ruby1.9.3/lib/ruby/1.9.1/webrick/server.rb:191:in `block in start_thread'


  Rendered J:/dev/tools/RailsInstaller/Ruby1.9.3/lib/ruby/gems/1.9.1/gems/actionpack-4.0.8/lib/action_dispatch/middleware/templates/rescues/_trace.erb (1.0ms)
  Rendered J:/dev/tools/RailsInstaller/Ruby1.9.3/lib/ruby/gems/1.9.1/gems/actionpack-4.0.8/lib/action_dispatch/middleware/templates/routes/_route.html.erb (2.0ms)
  Rendered J:/dev/tools/RailsInstaller/Ruby1.9.3/lib/ruby/gems/1.9.1/gems/actionpack-4.0.8/lib/action_dispatch/middleware/templates/routes/_table.html.erb (12.0ms)
  Rendered J:/dev/tools/RailsInstaller/Ruby1.9.3/lib/ruby/gems/1.9.1/gems/actionpack-4.0.8/lib/action_dispatch/middleware/templates/rescues/routing_error.erb within rescues/layout (80.0ms)


Started GET "/static_pages/home" for 127.0.0.1 at 2014-09-02 14:42:12 -0700
Processing by StaticPagesController#home as HTML
  Rendered static_pages/home.html.erb within layouts/application (1.0ms)
Completed 200 OK in 13ms (Views: 11.0ms | ActiveRecord: 0.0ms)


Started GET "/assets/custom.css?body=1" for 127.0.0.1 at 2014-09-02 14:42:27 -0700


Started GET "/static_pages/home" for 127.0.0.1 at 2014-09-02 14:44:04 -0700
Processing by StaticPagesController#home as HTML
  Rendered static_pages/home.html.erb within layouts/application (10.0ms)
Completed 200 OK in 24ms (Views: 23.0ms | ActiveRecord: 0.0ms)


Started GET "/assets/rails.png" for 127.0.0.1 at 2014-09-02 14:44:04 -0700


Started GET "/assets/custom.css?body=1" for 127.0.0.1 at 2014-09-02 14:44:04 -0700


Started GET "/static_pages/home" for 127.0.0.1 at 2014-09-02 14:45:59 -0700
  [1m[36mActiveRecord::SchemaMigration Load (1.0ms)[0m  [1mSELECT "schema_migrations".* FROM "schema_migrations"[0m
Processing by StaticPagesController#home as HTML
  Rendered static_pages/home.html.erb within layouts/application (7.0ms)
Completed 200 OK in 1213ms (Views: 1211.0ms | ActiveRecord: 0.0ms)


Started GET "/assets/custom.css?body=1" for 127.0.0.1 at 2014-09-02 14:46:01 -0700


Started GET "/static_pages/home" for 127.0.0.1 at 2014-09-02 14:48:56 -0700
Processing by StaticPagesController#home as HTML
  Rendered static_pages/home.html.erb within layouts/application (1.0ms)
Completed 200 OK in 1073ms (Views: 1072.0ms | ActiveRecord: 0.0ms)


Started GET "/assets/custom.css?body=1" for 127.0.0.1 at 2014-09-02 14:48:57 -0700


Started GET "/assets/microposts.css?body=1" for 127.0.0.1 at 2014-09-02 14:48:57 -0700


Started GET "/assets/application.css?body=1" for 127.0.0.1 at 2014-09-02 14:48:57 -0700


Started GET "/assets/scaffolds.css?body=1" for 127.0.0.1 at 2014-09-02 14:48:57 -0700


Started GET "/assets/static_pages.css?body=1" for 127.0.0.1 at 2014-09-02 14:48:57 -0700


Started GET "/assets/users.css?body=1" for 127.0.0.1 at 2014-09-02 14:48:57 -0700


Started GET "/assets/jquery.js?body=1" for 127.0.0.1 at 2014-09-02 14:48:57 -0700


Started GET "/assets/jquery_ujs.js?body=1" for 127.0.0.1 at 2014-09-02 14:48:57 -0700


Started GET "/assets/turbolinks.js?body=1" for 127.0.0.1 at 2014-09-02 14:48:57 -0700


Started GET "/assets/microposts.js?body=1" for 127.0.0.1 at 2014-09-02 14:48:57 -0700


Started GET "/assets/static_pages.js?body=1" for 127.0.0.1 at 2014-09-02 14:48:58 -0700


Started GET "/assets/users.js?body=1" for 127.0.0.1 at 2014-09-02 14:48:58 -0700


Started GET "/assets/application.js?body=1" for 127.0.0.1 at 2014-09-02 14:48:58 -0700


Started GET "/assets/rails.png" for 127.0.0.1 at 2014-09-02 14:48:58 -0700


Started GET "/static_pages/home" for 127.0.0.1 at 2014-09-02 14:49:15 -0700
  [1m[36mActiveRecord::SchemaMigration Load (1.0ms)[0m  [1mSELECT "schema_migrations".* FROM "schema_migrations"[0m
Processing by StaticPagesController#home as HTML
  Rendered static_pages/home.html.erb within layouts/application (7.0ms)
Completed 200 OK in 168ms (Views: 167.0ms | ActiveRecord: 0.0ms)


Started GET "/assets/custom.css?body=1" for 127.0.0.1 at 2014-09-02 14:49:16 -0700


Started GET "/assets/application.css?body=1" for 127.0.0.1 at 2014-09-02 14:49:16 -0700


Started GET "/assets/scaffolds.css?body=1" for 127.0.0.1 at 2014-09-02 14:49:16 -0700


Started GET "/assets/static_pages.css?body=1" for 127.0.0.1 at 2014-09-02 14:49:16 -0700


Started GET "/assets/microposts.css?body=1" for 127.0.0.1 at 2014-09-02 14:49:16 -0700


Started GET "/assets/users.css?body=1" for 127.0.0.1 at 2014-09-02 14:49:16 -0700


Started GET "/assets/jquery.js?body=1" for 127.0.0.1 at 2014-09-02 14:49:16 -0700


Started GET "/assets/jquery_ujs.js?body=1" for 127.0.0.1 at 2014-09-02 14:49:17 -0700


Started GET "/assets/turbolinks.js?body=1" for 127.0.0.1 at 2014-09-02 14:49:17 -0700


Started GET "/assets/microposts.js?body=1" for 127.0.0.1 at 2014-09-02 14:49:17 -0700


Started GET "/assets/static_pages.js?body=1" for 127.0.0.1 at 2014-09-02 14:49:17 -0700


Started GET "/assets/users.js?body=1" for 127.0.0.1 at 2014-09-02 14:49:17 -0700


Started GET "/assets/application.js?body=1" for 127.0.0.1 at 2014-09-02 14:49:17 -0700


Started GET "/assets/rails.png" for 127.0.0.1 at 2014-09-02 14:49:17 -0700


Started GET "/static_pages/home" for 127.0.0.1 at 2014-09-02 14:51:11 -0700
Processing by StaticPagesController#home as HTML
  Rendered static_pages/home.html.erb within layouts/application (0.0ms)
Completed 200 OK in 1084ms (Views: 1082.0ms | ActiveRecord: 0.0ms)


Started GET "/assets/application.css?body=1" for 127.0.0.1 at 2014-09-02 14:51:12 -0700


Started GET "/assets/static_pages.css?body=1" for 127.0.0.1 at 2014-09-02 14:51:13 -0700


Started GET "/assets/microposts.css?body=1" for 127.0.0.1 at 2014-09-02 14:51:13 -0700


Started GET "/assets/scaffolds.css?body=1" for 127.0.0.1 at 2014-09-02 14:51:13 -0700


Started GET "/assets/custom.css?body=1" for 127.0.0.1 at 2014-09-02 14:51:13 -0700


Started GET "/assets/users.css?body=1" for 127.0.0.1 at 2014-09-02 14:51:13 -0700


Started GET "/assets/jquery.js?body=1" for 127.0.0.1 at 2014-09-02 14:51:13 -0700


Started GET "/assets/jquery_ujs.js?body=1" for 127.0.0.1 at 2014-09-02 14:51:13 -0700


Started GET "/assets/static_pages.js?body=1" for 127.0.0.1 at 2014-09-02 14:51:13 -0700


Started GET "/assets/turbolinks.js?body=1" for 127.0.0.1 at 2014-09-02 14:51:13 -0700


Started GET "/assets/microposts.js?body=1" for 127.0.0.1 at 2014-09-02 14:51:13 -0700


Started GET "/assets/users.js?body=1" for 127.0.0.1 at 2014-09-02 14:51:13 -0700


Started GET "/assets/application.js?body=1" for 127.0.0.1 at 2014-09-02 14:51:13 -0700


Started GET "/assets/rails.png" for 127.0.0.1 at 2014-09-02 14:51:13 -0700


Started GET "/static_pages/home" for 127.0.0.1 at 2014-09-02 14:51:16 -0700
Processing by StaticPagesController#home as HTML
  Rendered static_pages/home.html.erb within layouts/application (1.0ms)
Completed 200 OK in 12ms (Views: 11.0ms | ActiveRecord: 0.0ms)


Started GET "/static_pages/home" for 127.0.0.1 at 2014-09-02 14:51:17 -0700
Processing by StaticPagesController#home as HTML
  Rendered static_pages/home.html.erb within layouts/application (1.0ms)
Completed 200 OK in 14ms (Views: 13.0ms | ActiveRecord: 0.0ms)


Started GET "/assets/application.css?body=1" for 127.0.0.1 at 2014-09-02 14:51:17 -0700


Started GET "/assets/microposts.css?body=1" for 127.0.0.1 at 2014-09-02 14:51:17 -0700


Started GET "/assets/custom.css?body=1" for 127.0.0.1 at 2014-09-02 14:51:17 -0700


Started GET "/assets/scaffolds.css?body=1" for 127.0.0.1 at 2014-09-02 14:51:17 -0700


Started GET "/assets/static_pages.css?body=1" for 127.0.0.1 at 2014-09-02 14:51:17 -0700


Started GET "/assets/users.css?body=1" for 127.0.0.1 at 2014-09-02 14:51:17 -0700


Started GET "/assets/jquery.js?body=1" for 127.0.0.1 at 2014-09-02 14:51:17 -0700


Started GET "/assets/jquery_ujs.js?body=1" for 127.0.0.1 at 2014-09-02 14:51:17 -0700


Started GET "/assets/microposts.js?body=1" for 127.0.0.1 at 2014-09-02 14:51:17 -0700


Started GET "/assets/users.js?body=1" for 127.0.0.1 at 2014-09-02 14:51:17 -0700


Started GET "/assets/turbolinks.js?body=1" for 127.0.0.1 at 2014-09-02 14:51:17 -0700


Started GET "/assets/static_pages.js?body=1" for 127.0.0.1 at 2014-09-02 14:51:17 -0700


Started GET "/assets/application.js?body=1" for 127.0.0.1 at 2014-09-02 14:51:17 -0700


Started GET "/assets/rails.png" for 127.0.0.1 at 2014-09-02 14:51:18 -0700


Started GET "/static_pages/home" for 127.0.0.1 at 2014-09-02 14:51:18 -0700
Processing by StaticPagesController#home as HTML
  Rendered static_pages/home.html.erb within layouts/application (0.0ms)
Completed 200 OK in 17ms (Views: 17.0ms | ActiveRecord: 0.0ms)


Started GET "/static_pages/home" for 127.0.0.1 at 2014-09-02 14:51:19 -0700
Processing by StaticPagesController#home as HTML
  Rendered static_pages/home.html.erb within layouts/application (1.0ms)
Completed 200 OK in 11ms (Views: 10.0ms | ActiveRecord: 0.0ms)


Started GET "/assets/application.css?body=1" for 127.0.0.1 at 2014-09-02 14:51:19 -0700


Started GET "/assets/custom.css?body=1" for 127.0.0.1 at 2014-09-02 14:51:19 -0700


Started GET "/assets/microposts.css?body=1" for 127.0.0.1 at 2014-09-02 14:51:19 -0700


Started GET "/assets/scaffolds.css?body=1" for 127.0.0.1 at 2014-09-02 14:51:19 -0700


Started GET "/assets/static_pages.css?body=1" for 127.0.0.1 at 2014-09-02 14:51:19 -0700


Started GET "/assets/users.css?body=1" for 127.0.0.1 at 2014-09-02 14:51:19 -0700


Started GET "/assets/jquery.js?body=1" for 127.0.0.1 at 2014-09-02 14:51:19 -0700


Started GET "/assets/jquery_ujs.js?body=1" for 127.0.0.1 at 2014-09-02 14:51:19 -0700


Started GET "/assets/microposts.js?body=1" for 127.0.0.1 at 2014-09-02 14:51:19 -0700


Started GET "/assets/turbolinks.js?body=1" for 127.0.0.1 at 2014-09-02 14:51:19 -0700


Started GET "/assets/static_pages.js?body=1" for 127.0.0.1 at 2014-09-02 14:51:19 -0700


Started GET "/assets/users.js?body=1" for 127.0.0.1 at 2014-09-02 14:51:19 -0700


Started GET "/assets/application.js?body=1" for 127.0.0.1 at 2014-09-02 14:51:19 -0700


Started GET "/assets/rails.png" for 127.0.0.1 at 2014-09-02 14:51:20 -0700


Started GET "/static_pages/home" for 127.0.0.1 at 2014-09-02 14:59:30 -0700
Processing by StaticPagesController#home as HTML
  Rendered static_pages/home.html.erb within layouts/application (1.0ms)
Completed 200 OK in 11ms (Views: 10.0ms | ActiveRecord: 0.0ms)


Started GET "/assets/application.css?body=1" for 127.0.0.1 at 2014-09-02 14:59:30 -0700


Started GET "/assets/scaffolds.css?body=1" for 127.0.0.1 at 2014-09-02 14:59:30 -0700


Started GET "/assets/custom.css?body=1" for 127.0.0.1 at 2014-09-02 14:59:30 -0700


Started GET "/assets/microposts.css?body=1" for 127.0.0.1 at 2014-09-02 14:59:30 -0700


Started GET "/assets/static_pages.css?body=1" for 127.0.0.1 at 2014-09-02 14:59:30 -0700


Started GET "/assets/users.css?body=1" for 127.0.0.1 at 2014-09-02 14:59:30 -0700


Started GET "/assets/jquery.js?body=1" for 127.0.0.1 at 2014-09-02 14:59:30 -0700


Started GET "/assets/jquery_ujs.js?body=1" for 127.0.0.1 at 2014-09-02 14:59:30 -0700


Started GET "/assets/turbolinks.js?body=1" for 127.0.0.1 at 2014-09-02 14:59:30 -0700


Started GET "/assets/microposts.js?body=1" for 127.0.0.1 at 2014-09-02 14:59:30 -0700


Started GET "/assets/static_pages.js?body=1" for 127.0.0.1 at 2014-09-02 14:59:30 -0700


Started GET "/assets/users.js?body=1" for 127.0.0.1 at 2014-09-02 14:59:30 -0700


Started GET "/assets/application.js?body=1" for 127.0.0.1 at 2014-09-02 14:59:30 -0700


Started GET "/assets/rails.png" for 127.0.0.1 at 2014-09-02 14:59:31 -0700


Started GET "/static_pages/home" for 127.0.0.1 at 2014-09-02 15:15:05 -0700
Processing by StaticPagesController#home as HTML
  Rendered static_pages/home.html.erb within layouts/application (1.0ms)
Completed 200 OK in 11ms (Views: 10.0ms | ActiveRecord: 0.0ms)


Started GET "/assets/microposts.css?body=1" for 127.0.0.1 at 2014-09-02 15:15:05 -0700


Started GET "/assets/application.css?body=1" for 127.0.0.1 at 2014-09-02 15:15:05 -0700


Started GET "/assets/custom.css?body=1" for 127.0.0.1 at 2014-09-02 15:15:05 -0700


Started GET "/assets/scaffolds.css?body=1" for 127.0.0.1 at 2014-09-02 15:15:05 -0700


Started GET "/assets/static_pages.css?body=1" for 127.0.0.1 at 2014-09-02 15:15:05 -0700


Started GET "/assets/users.css?body=1" for 127.0.0.1 at 2014-09-02 15:15:05 -0700


Started GET "/assets/jquery.js?body=1" for 127.0.0.1 at 2014-09-02 15:15:05 -0700


Started GET "/assets/jquery_ujs.js?body=1" for 127.0.0.1 at 2014-09-02 15:15:05 -0700


Started GET "/assets/turbolinks.js?body=1" for 127.0.0.1 at 2014-09-02 15:15:05 -0700


Started GET "/assets/microposts.js?body=1" for 127.0.0.1 at 2014-09-02 15:15:05 -0700


Started GET "/assets/static_pages.js?body=1" for 127.0.0.1 at 2014-09-02 15:15:05 -0700


Started GET "/assets/users.js?body=1" for 127.0.0.1 at 2014-09-02 15:15:05 -0700


Started GET "/assets/application.js?body=1" for 127.0.0.1 at 2014-09-02 15:15:05 -0700


Started GET "/assets/rails.png" for 127.0.0.1 at 2014-09-02 15:15:06 -0700


Started GET "/assets/custom.css?body=1" for 127.0.0.1 at 2014-09-02 15:15:11 -0700


Started GET "/static_pages/home" for 127.0.0.1 at 2014-09-02 15:17:17 -0700
Processing by StaticPagesController#home as HTML
  Rendered static_pages/home.html.erb within layouts/application (0.0ms)
Completed 200 OK in 1066ms (Views: 1066.0ms | ActiveRecord: 0.0ms)


Started GET "/assets/custom.css?body=1" for 127.0.0.1 at 2014-09-02 15:17:18 -0700


Started GET "/assets/application.css?body=1" for 127.0.0.1 at 2014-09-02 15:17:18 -0700


Started GET "/assets/microposts.css?body=1" for 127.0.0.1 at 2014-09-02 15:17:18 -0700


Started GET "/assets/scaffolds.css?body=1" for 127.0.0.1 at 2014-09-02 15:17:18 -0700


Started GET "/assets/static_pages.css?body=1" for 127.0.0.1 at 2014-09-02 15:17:18 -0700


Started GET "/assets/users.css?body=1" for 127.0.0.1 at 2014-09-02 15:17:18 -0700


Started GET "/assets/jquery.js?body=1" for 127.0.0.1 at 2014-09-02 15:17:19 -0700


Started GET "/assets/jquery_ujs.js?body=1" for 127.0.0.1 at 2014-09-02 15:17:19 -0700


Started GET "/assets/turbolinks.js?body=1" for 127.0.0.1 at 2014-09-02 15:17:19 -0700


Started GET "/assets/microposts.js?body=1" for 127.0.0.1 at 2014-09-02 15:17:19 -0700


Started GET "/assets/static_pages.js?body=1" for 127.0.0.1 at 2014-09-02 15:17:19 -0700


Started GET "/assets/users.js?body=1" for 127.0.0.1 at 2014-09-02 15:17:19 -0700


Started GET "/assets/application.js?body=1" for 127.0.0.1 at 2014-09-02 15:17:19 -0700


Started GET "/assets/rails.png" for 127.0.0.1 at 2014-09-02 15:17:19 -0700


Started GET "/assets/custom.css?body=1" for 127.0.0.1 at 2014-09-02 15:17:26 -0700


Started GET "/static_pages/home" for 127.0.0.1 at 2014-09-02 15:17:49 -0700
  [1m[36mActiveRecord::SchemaMigration Load (0.0ms)[0m  [1mSELECT "schema_migrations".* FROM "schema_migrations"[0m
Processing by StaticPagesController#home as HTML
  Rendered static_pages/home.html.erb within layouts/application (8.0ms)
Completed 200 OK in 176ms (Views: 175.0ms | ActiveRecord: 0.0ms)


Started GET "/assets/application.css?body=1" for 127.0.0.1 at 2014-09-02 15:17:50 -0700


Started GET "/assets/static_pages.css?body=1" for 127.0.0.1 at 2014-09-02 15:17:50 -0700


Started GET "/assets/scaffolds.css?body=1" for 127.0.0.1 at 2014-09-02 15:17:50 -0700


Started GET "/assets/custom.css?body=1" for 127.0.0.1 at 2014-09-02 15:17:50 -0700


Started GET "/assets/microposts.css?body=1" for 127.0.0.1 at 2014-09-02 15:17:50 -0700


Started GET "/assets/users.css?body=1" for 127.0.0.1 at 2014-09-02 15:17:50 -0700


Started GET "/assets/jquery.js?body=1" for 127.0.0.1 at 2014-09-02 15:17:50 -0700


Started GET "/assets/jquery_ujs.js?body=1" for 127.0.0.1 at 2014-09-02 15:17:50 -0700


Started GET "/assets/turbolinks.js?body=1" for 127.0.0.1 at 2014-09-02 15:17:50 -0700


Started GET "/assets/microposts.js?body=1" for 127.0.0.1 at 2014-09-02 15:17:50 -0700


Started GET "/assets/static_pages.js?body=1" for 127.0.0.1 at 2014-09-02 15:17:50 -0700


Started GET "/assets/users.js?body=1" for 127.0.0.1 at 2014-09-02 15:17:51 -0700


Started GET "/assets/application.js?body=1" for 127.0.0.1 at 2014-09-02 15:17:51 -0700


Started GET "/assets/rails.png" for 127.0.0.1 at 2014-09-02 15:17:51 -0700


Started GET "/assets/custom.css?body=1" for 127.0.0.1 at 2014-09-02 15:17:53 -0700


Started GET "/assets/scaffolds.css?body=1" for 127.0.0.1 at 2014-09-02 15:18:11 -0700


Started GET "/assets/custom.css?body=1" for 127.0.0.1 at 2014-09-02 15:18:14 -0700
>>>>>>> 6d7523620634b90f1e873ebd8df9d434a33c025c


Started GET "/static_pages/help" for 127.0.0.1 at 2014-09-02 22:22:31 -0700
  [1m[36mActiveRecord::SchemaMigration Load (0.6ms)[0m  [1mSELECT "schema_migrations".* FROM "schema_migrations"[0m
Processing by StaticPagesController#help as HTML
  Rendered static_pages/help.html.erb within layouts/application (2.9ms)
Completed 200 OK in 3397ms (Views: 3395.3ms | ActiveRecord: 0.0ms)


Started GET "/static_pages/home" for 127.0.0.1 at 2014-09-02 22:22:35 -0700
Processing by StaticPagesController#home as HTML
  Rendered static_pages/home.html.erb within layouts/application (5.6ms)
Completed 200 OK in 20ms (Views: 19.3ms | ActiveRecord: 0.0ms)


Started GET "/assets/application.css?body=1" for 127.0.0.1 at 2014-09-02 22:22:35 -0700


Started GET "/assets/custom.css?body=1" for 127.0.0.1 at 2014-09-02 22:22:35 -0700


Started GET "/assets/microposts.css?body=1" for 127.0.0.1 at 2014-09-02 22:22:35 -0700


Started GET "/assets/static_pages.css?body=1" for 127.0.0.1 at 2014-09-02 22:22:35 -0700


Started GET "/assets/scaffolds.css?body=1" for 127.0.0.1 at 2014-09-02 22:22:35 -0700


Started GET "/assets/users.css?body=1" for 127.0.0.1 at 2014-09-02 22:22:36 -0700


Started GET "/assets/jquery.js?body=1" for 127.0.0.1 at 2014-09-02 22:22:36 -0700


Started GET "/assets/application.css?body=1" for 127.0.0.1 at 2014-09-02 22:22:36 -0700


Started GET "/assets/microposts.css?body=1" for 127.0.0.1 at 2014-09-02 22:22:36 -0700


Started GET "/assets/custom.css?body=1" for 127.0.0.1 at 2014-09-02 22:22:36 -0700


Started GET "/assets/static_pages.css?body=1" for 127.0.0.1 at 2014-09-02 22:22:36 -0700


Started GET "/assets/scaffolds.css?body=1" for 127.0.0.1 at 2014-09-02 22:22:36 -0700


Started GET "/assets/users.css?body=1" for 127.0.0.1 at 2014-09-02 22:22:36 -0700


Started GET "/assets/jquery_ujs.js?body=1" for 127.0.0.1 at 2014-09-02 22:22:36 -0700


Started GET "/assets/microposts.js?body=1" for 127.0.0.1 at 2014-09-02 22:22:36 -0700


Started GET "/assets/turbolinks.js?body=1" for 127.0.0.1 at 2014-09-02 22:22:36 -0700


Started GET "/assets/static_pages.js?body=1" for 127.0.0.1 at 2014-09-02 22:22:36 -0700


Started GET "/assets/users.js?body=1" for 127.0.0.1 at 2014-09-02 22:22:36 -0700


Started GET "/assets/application.js?body=1" for 127.0.0.1 at 2014-09-02 22:22:36 -0700


Started GET "/assets/jquery.js?body=1" for 127.0.0.1 at 2014-09-02 22:22:36 -0700


Started GET "/assets/jquery_ujs.js?body=1" for 127.0.0.1 at 2014-09-02 22:22:36 -0700


Started GET "/assets/microposts.js?body=1" for 127.0.0.1 at 2014-09-02 22:22:36 -0700


Started GET "/assets/turbolinks.js?body=1" for 127.0.0.1 at 2014-09-02 22:22:36 -0700


Started GET "/assets/static_pages.js?body=1" for 127.0.0.1 at 2014-09-02 22:22:36 -0700


Started GET "/assets/application.js?body=1" for 127.0.0.1 at 2014-09-02 22:22:36 -0700


Started GET "/assets/rails.png" for 127.0.0.1 at 2014-09-02 22:22:36 -0700


Started GET "/assets/users.js?body=1" for 127.0.0.1 at 2014-09-02 22:22:36 -0700


Started GET "/" for 127.0.0.1 at 2014-09-02 22:22:43 -0700
Processing by Rails::WelcomeController#index as HTML
  Rendered /Users/apple/.rvm/gems/ruby-2.0.0-p481/gems/railties-4.0.8/lib/rails/templates/rails/welcome/index.html.erb (0.9ms)
Completed 200 OK in 4ms (Views: 3.6ms | ActiveRecord: 0.0ms)


Started GET "/static_pages/home" for 127.0.0.1 at 2014-09-02 22:22:49 -0700
Processing by StaticPagesController#home as HTML
  Rendered static_pages/home.html.erb within layouts/application (0.6ms)
Completed 200 OK in 9ms (Views: 8.1ms | ActiveRecord: 0.0ms)


Started GET "/assets/application.css?body=1" for 127.0.0.1 at 2014-09-02 22:22:49 -0700


Started GET "/assets/custom.css?body=1" for 127.0.0.1 at 2014-09-02 22:22:49 -0700


Started GET "/assets/users.css?body=1" for 127.0.0.1 at 2014-09-02 22:22:49 -0700


Started GET "/assets/static_pages.css?body=1" for 127.0.0.1 at 2014-09-02 22:22:49 -0700


Started GET "/assets/jquery.js?body=1" for 127.0.0.1 at 2014-09-02 22:22:49 -0700


Started GET "/assets/scaffolds.css?body=1" for 127.0.0.1 at 2014-09-02 22:22:49 -0700


Started GET "/assets/microposts.css?body=1" for 127.0.0.1 at 2014-09-02 22:22:49 -0700


Started GET "/assets/jquery_ujs.js?body=1" for 127.0.0.1 at 2014-09-02 22:22:49 -0700


Started GET "/assets/turbolinks.js?body=1" for 127.0.0.1 at 2014-09-02 22:22:49 -0700


Started GET "/assets/microposts.js?body=1" for 127.0.0.1 at 2014-09-02 22:22:49 -0700


Started GET "/assets/static_pages.js?body=1" for 127.0.0.1 at 2014-09-02 22:22:49 -0700


Started GET "/assets/users.js?body=1" for 127.0.0.1 at 2014-09-02 22:22:49 -0700


Started GET "/assets/application.js?body=1" for 127.0.0.1 at 2014-09-02 22:22:49 -0700


Started GET "/assets/rails.png" for 127.0.0.1 at 2014-09-02 22:22:49 -0700


Started GET "/static_pages/about" for 127.0.0.1 at 2014-09-02 22:32:04 -0700
  [1m[36mActiveRecord::SchemaMigration Load (0.2ms)[0m  [1mSELECT "schema_migrations".* FROM "schema_migrations"[0m
Processing by StaticPagesController#about as HTML
  Rendered static_pages/about.html.erb within layouts/application (1.1ms)
Completed 200 OK in 121ms (Views: 120.6ms | ActiveRecord: 0.0ms)


Started GET "/assets/application.css?body=1" for 127.0.0.1 at 2014-09-02 22:32:05 -0700


Started GET "/assets/microposts.css?body=1" for 127.0.0.1 at 2014-09-02 22:32:05 -0700


Started GET "/assets/scaffolds.css?body=1" for 127.0.0.1 at 2014-09-02 22:32:05 -0700


Started GET "/assets/static_pages.css?body=1" for 127.0.0.1 at 2014-09-02 22:32:05 -0700


Started GET "/assets/users.css?body=1" for 127.0.0.1 at 2014-09-02 22:32:05 -0700


Started GET "/assets/custom.css?body=1" for 127.0.0.1 at 2014-09-02 22:32:05 -0700


Started GET "/assets/jquery.js?body=1" for 127.0.0.1 at 2014-09-02 22:32:05 -0700


Started GET "/assets/jquery_ujs.js?body=1" for 127.0.0.1 at 2014-09-02 22:32:05 -0700


Started GET "/assets/turbolinks.js?body=1" for 127.0.0.1 at 2014-09-02 22:32:05 -0700


Started GET "/assets/microposts.js?body=1" for 127.0.0.1 at 2014-09-02 22:32:05 -0700


Started GET "/assets/static_pages.js?body=1" for 127.0.0.1 at 2014-09-02 22:32:05 -0700


Started GET "/assets/users.js?body=1" for 127.0.0.1 at 2014-09-02 22:32:05 -0700


Started GET "/assets/application.js?body=1" for 127.0.0.1 at 2014-09-02 22:32:05 -0700


Started GET "/static_pages/home" for 127.0.0.1 at 2014-09-02 22:32:09 -0700
Processing by StaticPagesController#home as HTML
  Rendered static_pages/home.html.erb within layouts/application (2.1ms)
Completed 200 OK in 9ms (Views: 8.8ms | ActiveRecord: 0.0ms)


Started GET "/assets/application.css?body=1" for 127.0.0.1 at 2014-09-02 22:32:09 -0700


Started GET "/assets/static_pages.css?body=1" for 127.0.0.1 at 2014-09-02 22:32:09 -0700


Started GET "/assets/custom.css?body=1" for 127.0.0.1 at 2014-09-02 22:32:09 -0700


Started GET "/assets/microposts.css?body=1" for 127.0.0.1 at 2014-09-02 22:32:09 -0700


Started GET "/assets/users.css?body=1" for 127.0.0.1 at 2014-09-02 22:32:09 -0700


Started GET "/assets/scaffolds.css?body=1" for 127.0.0.1 at 2014-09-02 22:32:09 -0700


Started GET "/assets/jquery.js?body=1" for 127.0.0.1 at 2014-09-02 22:32:09 -0700


Started GET "/assets/jquery_ujs.js?body=1" for 127.0.0.1 at 2014-09-02 22:32:09 -0700


Started GET "/assets/turbolinks.js?body=1" for 127.0.0.1 at 2014-09-02 22:32:09 -0700


Started GET "/assets/microposts.js?body=1" for 127.0.0.1 at 2014-09-02 22:32:09 -0700


Started GET "/assets/static_pages.js?body=1" for 127.0.0.1 at 2014-09-02 22:32:09 -0700


Started GET "/assets/users.js?body=1" for 127.0.0.1 at 2014-09-02 22:32:09 -0700


Started GET "/assets/application.js?body=1" for 127.0.0.1 at 2014-09-02 22:32:09 -0700


Started GET "/assets/rails.png" for 127.0.0.1 at 2014-09-02 22:32:09 -0700


Started GET "/static_pages/home" for 127.0.0.1 at 2014-09-02 22:32:56 -0700
Processing by StaticPagesController#home as HTML
  Rendered static_pages/home.html.erb within layouts/application (1.1ms)
Completed 200 OK in 10ms (Views: 9.3ms | ActiveRecord: 0.0ms)


Started GET "/assets/custom.css?body=1" for 127.0.0.1 at 2014-09-02 22:32:56 -0700


Started GET "/assets/scaffolds.css?body=1" for 127.0.0.1 at 2014-09-02 22:32:56 -0700


Started GET "/assets/static_pages.css?body=1" for 127.0.0.1 at 2014-09-02 22:32:56 -0700


Started GET "/assets/microposts.css?body=1" for 127.0.0.1 at 2014-09-02 22:32:56 -0700


Started GET "/assets/users.css?body=1" for 127.0.0.1 at 2014-09-02 22:32:56 -0700


Started GET "/assets/application.css?body=1" for 127.0.0.1 at 2014-09-02 22:32:56 -0700


Started GET "/assets/jquery.js?body=1" for 127.0.0.1 at 2014-09-02 22:32:56 -0700


Started GET "/assets/jquery_ujs.js?body=1" for 127.0.0.1 at 2014-09-02 22:32:56 -0700


Started GET "/assets/turbolinks.js?body=1" for 127.0.0.1 at 2014-09-02 22:32:56 -0700


Started GET "/assets/microposts.js?body=1" for 127.0.0.1 at 2014-09-02 22:32:56 -0700


Started GET "/assets/static_pages.js?body=1" for 127.0.0.1 at 2014-09-02 22:32:56 -0700


Started GET "/assets/application.js?body=1" for 127.0.0.1 at 2014-09-02 22:32:56 -0700


Started GET "/assets/rails.png" for 127.0.0.1 at 2014-09-02 22:32:56 -0700


Started GET "/assets/users.js?body=1" for 127.0.0.1 at 2014-09-02 22:32:56 -0700
